mode: set
github.com/feichai0017/NoKV/config/config.go:55.43,57.16 2 1
github.com/feichai0017/NoKV/config/config.go:57.16,59.3 1 0
github.com/feichai0017/NoKV/config/config.go:60.2,61.51 2 1
github.com/feichai0017/NoKV/config/config.go:61.51,63.3 1 0
github.com/feichai0017/NoKV/config/config.go:64.2,64.18 1 1
github.com/feichai0017/NoKV/config/config.go:68.33,69.14 1 1
github.com/feichai0017/NoKV/config/config.go:69.14,71.3 1 0
github.com/feichai0017/NoKV/config/config.go:72.2,73.30 2 1
github.com/feichai0017/NoKV/config/config.go:73.30,74.22 1 1
github.com/feichai0017/NoKV/config/config.go:74.22,76.4 1 0
github.com/feichai0017/NoKV/config/config.go:77.3,77.42 1 1
github.com/feichai0017/NoKV/config/config.go:77.42,79.4 1 1
github.com/feichai0017/NoKV/config/config.go:80.3,80.36 1 1
github.com/feichai0017/NoKV/config/config.go:82.2,82.35 1 1
github.com/feichai0017/NoKV/config/config.go:82.35,83.21 1 1
github.com/feichai0017/NoKV/config/config.go:83.21,85.4 1 0
github.com/feichai0017/NoKV/config/config.go:86.3,86.32 1 1
github.com/feichai0017/NoKV/config/config.go:86.32,87.52 1 1
github.com/feichai0017/NoKV/config/config.go:87.52,89.5 1 1
github.com/feichai0017/NoKV/config/config.go:91.3,91.37 1 1
github.com/feichai0017/NoKV/config/config.go:91.37,92.45 1 1
github.com/feichai0017/NoKV/config/config.go:92.45,94.5 1 0
github.com/feichai0017/NoKV/config/config.go:95.4,95.44 1 1
github.com/feichai0017/NoKV/config/config.go:95.44,97.5 1 0
github.com/feichai0017/NoKV/config/config.go:100.2,100.12 1 1
github.com/feichai0017/NoKV/db.go:115.29,119.38 4 1
github.com/feichai0017/NoKV/db.go:119.38,122.3 2 1
github.com/feichai0017/NoKV/db.go:124.2,124.31 1 1
github.com/feichai0017/NoKV/db.go:124.31,126.3 1 0
github.com/feichai0017/NoKV/db.go:127.2,127.31 1 1
github.com/feichai0017/NoKV/db.go:127.31,129.3 1 0
github.com/feichai0017/NoKV/db.go:131.2,145.24 9 1
github.com/feichai0017/NoKV/db.go:145.24,147.15 2 1
github.com/feichai0017/NoKV/db.go:147.15,149.4 1 0
github.com/feichai0017/NoKV/db.go:149.9,151.4 1 1
github.com/feichai0017/NoKV/db.go:153.2,154.22 2 1
github.com/feichai0017/NoKV/db.go:154.22,156.3 1 1
github.com/feichai0017/NoKV/db.go:157.2,158.26 2 1
github.com/feichai0017/NoKV/db.go:158.26,160.3 1 1
github.com/feichai0017/NoKV/db.go:161.2,162.21 2 1
github.com/feichai0017/NoKV/db.go:162.21,164.3 1 1
github.com/feichai0017/NoKV/db.go:165.2,166.24 2 1
github.com/feichai0017/NoKV/db.go:166.24,168.3 1 1
github.com/feichai0017/NoKV/db.go:169.2,170.24 2 1
github.com/feichai0017/NoKV/db.go:170.24,172.3 1 0
github.com/feichai0017/NoKV/db.go:173.2,173.27 1 1
github.com/feichai0017/NoKV/db.go:173.27,175.3 1 1
github.com/feichai0017/NoKV/db.go:176.2,176.62 1 1
github.com/feichai0017/NoKV/db.go:176.62,178.3 1 1
github.com/feichai0017/NoKV/db.go:179.2,180.28 2 1
github.com/feichai0017/NoKV/db.go:180.28,182.3 1 1
github.com/feichai0017/NoKV/db.go:184.2,212.30 7 1
github.com/feichai0017/NoKV/db.go:212.30,214.3 1 1
github.com/feichai0017/NoKV/db.go:216.2,221.24 4 1
github.com/feichai0017/NoKV/db.go:221.24,223.70 2 1
github.com/feichai0017/NoKV/db.go:223.70,225.4 1 1
github.com/feichai0017/NoKV/db.go:226.3,226.64 1 1
github.com/feichai0017/NoKV/db.go:226.64,228.4 1 1
github.com/feichai0017/NoKV/db.go:229.3,229.27 1 1
github.com/feichai0017/NoKV/db.go:229.27,231.4 1 0
github.com/feichai0017/NoKV/db.go:232.3,235.40 4 1
github.com/feichai0017/NoKV/db.go:235.40,237.4 1 0
github.com/feichai0017/NoKV/db.go:238.3,246.44 6 1
github.com/feichai0017/NoKV/db.go:246.44,247.21 1 1
github.com/feichai0017/NoKV/db.go:247.21,249.5 1 0
github.com/feichai0017/NoKV/db.go:250.4,251.21 2 1
github.com/feichai0017/NoKV/db.go:251.21,253.5 1 1
github.com/feichai0017/NoKV/db.go:254.4,255.29 2 1
github.com/feichai0017/NoKV/db.go:255.29,256.23 1 1
github.com/feichai0017/NoKV/db.go:256.23,257.14 1 0
github.com/feichai0017/NoKV/db.go:259.5,259.42 1 1
github.com/feichai0017/NoKV/db.go:261.4,261.15 1 1
github.com/feichai0017/NoKV/db.go:265.2,274.30 8 1
github.com/feichai0017/NoKV/db.go:274.30,282.60 1 1
github.com/feichai0017/NoKV/db.go:282.60,283.41 1 1
github.com/feichai0017/NoKV/db.go:283.41,285.6 1 1
github.com/feichai0017/NoKV/db.go:286.5,286.15 1 0
github.com/feichai0017/NoKV/db.go:289.3,289.28 1 1
github.com/feichai0017/NoKV/db.go:289.28,291.4 1 1
github.com/feichai0017/NoKV/db.go:294.2,295.35 2 1
github.com/feichai0017/NoKV/db.go:295.35,296.94 1 1
github.com/feichai0017/NoKV/db.go:296.94,299.4 2 1
github.com/feichai0017/NoKV/db.go:301.2,301.11 1 1
github.com/feichai0017/NoKV/db.go:304.41,305.32 1 1
github.com/feichai0017/NoKV/db.go:305.32,307.3 1 0
github.com/feichai0017/NoKV/db.go:308.2,308.56 1 1
github.com/feichai0017/NoKV/db.go:308.56,309.41 1 1
github.com/feichai0017/NoKV/db.go:309.41,311.4 1 0
github.com/feichai0017/NoKV/db.go:313.2,313.54 1 1
github.com/feichai0017/NoKV/db.go:313.54,315.3 1 0
github.com/feichai0017/NoKV/db.go:316.2,322.47 3 1
github.com/feichai0017/NoKV/db.go:322.47,323.41 1 0
github.com/feichai0017/NoKV/db.go:323.41,325.4 1 0
github.com/feichai0017/NoKV/db.go:327.2,327.12 1 1
github.com/feichai0017/NoKV/db.go:330.29,331.15 1 1
github.com/feichai0017/NoKV/db.go:331.15,333.3 1 0
github.com/feichai0017/NoKV/db.go:335.2,335.19 1 1
github.com/feichai0017/NoKV/db.go:335.19,337.3 1 0
github.com/feichai0017/NoKV/db.go:339.2,339.101 1 1
github.com/feichai0017/NoKV/db.go:339.101,341.3 1 1
github.com/feichai0017/NoKV/db.go:343.2,345.41 2 1
github.com/feichai0017/NoKV/db.go:345.41,347.3 1 0
github.com/feichai0017/NoKV/db.go:349.2,349.27 1 1
github.com/feichai0017/NoKV/db.go:349.27,352.3 2 1
github.com/feichai0017/NoKV/db.go:354.2,354.19 1 1
github.com/feichai0017/NoKV/db.go:354.19,356.3 1 1
github.com/feichai0017/NoKV/db.go:358.2,358.28 1 1
github.com/feichai0017/NoKV/db.go:358.28,362.3 3 1
github.com/feichai0017/NoKV/db.go:364.2,364.39 1 1
github.com/feichai0017/NoKV/db.go:364.39,366.3 1 0
github.com/feichai0017/NoKV/db.go:367.2,367.40 1 1
github.com/feichai0017/NoKV/db.go:367.40,369.3 1 0
github.com/feichai0017/NoKV/db.go:370.2,370.39 1 1
github.com/feichai0017/NoKV/db.go:370.39,372.3 1 0
github.com/feichai0017/NoKV/db.go:374.2,374.23 1 1
github.com/feichai0017/NoKV/db.go:374.23,375.46 1 1
github.com/feichai0017/NoKV/db.go:375.46,377.4 1 0
github.com/feichai0017/NoKV/db.go:378.3,378.19 1 1
github.com/feichai0017/NoKV/db.go:380.2,381.12 2 1
github.com/feichai0017/NoKV/db.go:384.37,386.2 1 1
github.com/feichai0017/NoKV/db.go:389.59,390.19 1 1
github.com/feichai0017/NoKV/db.go:390.19,392.3 1 0
github.com/feichai0017/NoKV/db.go:393.2,396.27 4 1
github.com/feichai0017/NoKV/db.go:400.44,402.2 1 1
github.com/feichai0017/NoKV/db.go:405.66,407.19 1 1
github.com/feichai0017/NoKV/db.go:407.19,409.3 1 0
github.com/feichai0017/NoKV/db.go:410.2,411.18 2 1
github.com/feichai0017/NoKV/db.go:411.18,413.3 1 0
github.com/feichai0017/NoKV/db.go:414.2,415.26 2 1
github.com/feichai0017/NoKV/db.go:419.46,420.39 1 1
github.com/feichai0017/NoKV/db.go:420.39,422.3 1 0
github.com/feichai0017/NoKV/db.go:426.2,430.22 2 1
github.com/feichai0017/NoKV/db.go:430.22,432.3 1 0
github.com/feichai0017/NoKV/db.go:433.2,433.65 1 1
github.com/feichai0017/NoKV/db.go:433.65,435.3 1 1
github.com/feichai0017/NoKV/db.go:437.2,440.37 2 1
github.com/feichai0017/NoKV/db.go:440.37,441.54 1 1
github.com/feichai0017/NoKV/db.go:441.54,443.4 1 0
github.com/feichai0017/NoKV/db.go:444.3,445.27 2 1
github.com/feichai0017/NoKV/db.go:447.2,447.41 1 1
github.com/feichai0017/NoKV/db.go:447.41,449.3 1 0
github.com/feichai0017/NoKV/db.go:450.2,451.23 2 1
github.com/feichai0017/NoKV/db.go:451.23,452.39 1 0
github.com/feichai0017/NoKV/db.go:452.39,454.4 1 0
github.com/feichai0017/NoKV/db.go:456.2,456.12 1 1
github.com/feichai0017/NoKV/db.go:462.112,463.15 1 1
github.com/feichai0017/NoKV/db.go:463.15,465.3 1 0
github.com/feichai0017/NoKV/db.go:466.2,466.19 1 1
github.com/feichai0017/NoKV/db.go:466.19,468.3 1 0
github.com/feichai0017/NoKV/db.go:469.2,473.67 4 1
github.com/feichai0017/NoKV/db.go:473.67,475.3 1 0
github.com/feichai0017/NoKV/db.go:477.2,478.88 2 1
github.com/feichai0017/NoKV/db.go:478.88,480.17 2 1
github.com/feichai0017/NoKV/db.go:480.17,482.4 1 0
github.com/feichai0017/NoKV/db.go:483.3,484.28 2 1
github.com/feichai0017/NoKV/db.go:486.2,486.42 1 1
github.com/feichai0017/NoKV/db.go:486.42,488.3 1 0
github.com/feichai0017/NoKV/db.go:489.2,490.23 2 1
github.com/feichai0017/NoKV/db.go:490.23,491.39 1 0
github.com/feichai0017/NoKV/db.go:491.39,493.4 1 0
github.com/feichai0017/NoKV/db.go:495.2,495.12 1 1
github.com/feichai0017/NoKV/db.go:500.90,502.2 1 1
github.com/feichai0017/NoKV/db.go:506.100,507.15 1 1
github.com/feichai0017/NoKV/db.go:507.15,509.3 1 0
github.com/feichai0017/NoKV/db.go:510.2,510.19 1 1
github.com/feichai0017/NoKV/db.go:510.19,512.3 1 0
github.com/feichai0017/NoKV/db.go:513.2,515.16 3 1
github.com/feichai0017/NoKV/db.go:515.16,517.3 1 0
github.com/feichai0017/NoKV/db.go:518.2,518.18 1 1
github.com/feichai0017/NoKV/db.go:518.18,520.3 1 0
github.com/feichai0017/NoKV/db.go:521.2,521.26 1 1
github.com/feichai0017/NoKV/db.go:521.26,525.17 4 1
github.com/feichai0017/NoKV/db.go:525.17,526.17 1 0
github.com/feichai0017/NoKV/db.go:526.17,528.5 1 0
github.com/feichai0017/NoKV/db.go:529.4,530.19 2 0
github.com/feichai0017/NoKV/db.go:532.3,533.16 2 1
github.com/feichai0017/NoKV/db.go:533.16,535.4 1 1
github.com/feichai0017/NoKV/db.go:537.2,541.19 5 1
github.com/feichai0017/NoKV/db.go:543.50,545.2 1 1
github.com/feichai0017/NoKV/db.go:548.72,549.19 1 1
github.com/feichai0017/NoKV/db.go:549.19,551.3 1 0
github.com/feichai0017/NoKV/db.go:553.2,562.54 4 1
github.com/feichai0017/NoKV/db.go:562.54,564.3 1 1
github.com/feichai0017/NoKV/db.go:566.2,566.42 1 1
github.com/feichai0017/NoKV/db.go:566.42,571.17 5 1
github.com/feichai0017/NoKV/db.go:571.17,573.4 1 0
github.com/feichai0017/NoKV/db.go:574.3,574.41 1 1
github.com/feichai0017/NoKV/db.go:577.2,577.53 1 1
github.com/feichai0017/NoKV/db.go:577.53,579.3 1 1
github.com/feichai0017/NoKV/db.go:580.2,581.22 2 1
github.com/feichai0017/NoKV/db.go:581.22,583.3 1 1
github.com/feichai0017/NoKV/db.go:583.8,585.3 1 0
github.com/feichai0017/NoKV/db.go:586.2,586.13 1 1
github.com/feichai0017/NoKV/db.go:586.13,588.3 1 1
github.com/feichai0017/NoKV/db.go:589.2,592.19 4 1
github.com/feichai0017/NoKV/db.go:595.59,596.27 1 1
github.com/feichai0017/NoKV/db.go:596.27,598.3 1 1
github.com/feichai0017/NoKV/db.go:599.2,599.20 1 1
github.com/feichai0017/NoKV/db.go:599.20,601.3 1 1
github.com/feichai0017/NoKV/db.go:602.2,602.47 1 1
github.com/feichai0017/NoKV/db.go:605.29,608.2 1 1
github.com/feichai0017/NoKV/db.go:611.57,612.48 1 1
github.com/feichai0017/NoKV/db.go:612.48,614.3 1 0
github.com/feichai0017/NoKV/db.go:616.2,618.16 3 1
github.com/feichai0017/NoKV/db.go:618.16,619.34 1 1
github.com/feichai0017/NoKV/db.go:619.34,621.4 1 1
github.com/feichai0017/NoKV/db.go:621.9,623.4 1 0
github.com/feichai0017/NoKV/db.go:625.2,629.24 3 1
github.com/feichai0017/NoKV/db.go:629.24,631.3 1 0
github.com/feichai0017/NoKV/db.go:634.2,634.59 1 1
github.com/feichai0017/NoKV/db.go:634.59,635.43 1 1
github.com/feichai0017/NoKV/db.go:635.43,637.4 1 1
github.com/feichai0017/NoKV/db.go:638.3,638.13 1 1
github.com/feichai0017/NoKV/db.go:640.2,640.12 1 0
github.com/feichai0017/NoKV/db.go:643.43,644.93 1 1
github.com/feichai0017/NoKV/db.go:644.93,646.3 1 0
github.com/feichai0017/NoKV/db.go:647.2,652.6 4 1
github.com/feichai0017/NoKV/db.go:652.6,653.10 1 1
github.com/feichai0017/NoKV/db.go:654.19,656.18 2 0
github.com/feichai0017/NoKV/db.go:656.18,657.34 1 0
github.com/feichai0017/NoKV/db.go:657.34,659.6 1 0
github.com/feichai0017/NoKV/db.go:659.11,661.6 1 0
github.com/feichai0017/NoKV/db.go:663.52,664.10 1 1
github.com/feichai0017/NoKV/db.go:669.55,671.2 1 1
github.com/feichai0017/NoKV/db.go:673.38,675.2 1 1
github.com/feichai0017/NoKV/db.go:679.60,680.15 1 1
github.com/feichai0017/NoKV/db.go:680.15,682.3 1 0
github.com/feichai0017/NoKV/db.go:683.2,683.21 1 1
github.com/feichai0017/NoKV/db.go:683.21,685.3 1 1
github.com/feichai0017/NoKV/db.go:689.34,690.15 1 1
github.com/feichai0017/NoKV/db.go:690.15,692.3 1 0
github.com/feichai0017/NoKV/db.go:693.2,693.15 1 1
github.com/feichai0017/NoKV/db.go:697.44,698.32 1 1
github.com/feichai0017/NoKV/db.go:698.32,700.3 1 0
github.com/feichai0017/NoKV/db.go:701.2,701.33 1 1
github.com/feichai0017/NoKV/db.go:704.31,706.2 1 1
github.com/feichai0017/NoKV/db.go:708.57,709.15 1 1
github.com/feichai0017/NoKV/db.go:709.15,711.3 1 0
github.com/feichai0017/NoKV/db.go:712.2,712.17 1 1
github.com/feichai0017/NoKV/db.go:712.17,714.3 1 0
github.com/feichai0017/NoKV/db.go:715.2,716.41 2 1
github.com/feichai0017/NoKV/db.go:716.41,718.3 1 0
github.com/feichai0017/NoKV/db.go:719.2,719.30 1 1
github.com/feichai0017/NoKV/db.go:719.30,721.3 1 0
github.com/feichai0017/NoKV/db.go:722.2,722.26 1 1
github.com/feichai0017/NoKV/db.go:725.63,726.41 1 1
github.com/feichai0017/NoKV/db.go:726.41,728.3 1 1
github.com/feichai0017/NoKV/db.go:731.62,732.41 1 1
github.com/feichai0017/NoKV/db.go:732.41,734.3 1 1
github.com/feichai0017/NoKV/db.go:737.67,739.15 2 1
github.com/feichai0017/NoKV/db.go:739.15,741.3 1 0
github.com/feichai0017/NoKV/db.go:742.2,743.62 2 1
github.com/feichai0017/NoKV/db.go:743.62,745.17 2 1
github.com/feichai0017/NoKV/db.go:745.17,746.12 1 0
github.com/feichai0017/NoKV/db.go:748.3,750.32 3 1
github.com/feichai0017/NoKV/db.go:750.32,751.12 1 1
github.com/feichai0017/NoKV/db.go:753.3,754.69 2 1
github.com/feichai0017/NoKV/db.go:756.2,756.14 1 1
github.com/feichai0017/NoKV/db_hot.go:23.48,24.14 1 1
github.com/feichai0017/NoKV/db_hot.go:24.14,29.3 1 0
github.com/feichai0017/NoKV/db_hot.go:30.2,36.11 4 1
github.com/feichai0017/NoKV/db_hot.go:39.38,40.49 1 1
github.com/feichai0017/NoKV/db_hot.go:40.49,42.3 1 1
github.com/feichai0017/NoKV/db_hot.go:43.2,45.28 3 1
github.com/feichai0017/NoKV/db_hot.go:45.28,47.3 1 0
github.com/feichai0017/NoKV/db_hot.go:48.2,49.16 2 1
github.com/feichai0017/NoKV/db_hot.go:49.16,51.3 1 0
github.com/feichai0017/NoKV/db_hot.go:52.2,52.33 1 1
github.com/feichai0017/NoKV/db_hot.go:52.33,54.3 1 1
github.com/feichai0017/NoKV/db_hot.go:57.72,58.49 1 1
github.com/feichai0017/NoKV/db_hot.go:58.49,60.3 1 1
github.com/feichai0017/NoKV/db_hot.go:61.2,62.16 2 1
github.com/feichai0017/NoKV/db_hot.go:62.16,64.3 1 1
github.com/feichai0017/NoKV/db_hot.go:65.2,67.14 3 1
github.com/feichai0017/NoKV/db_hot.go:67.14,69.3 1 1
github.com/feichai0017/NoKV/db_hot.go:70.2,71.37 2 1
github.com/feichai0017/NoKV/db_hot.go:74.54,75.39 1 1
github.com/feichai0017/NoKV/db_hot.go:75.39,77.3 1 1
github.com/feichai0017/NoKV/db_hot.go:78.2,81.20 4 1
github.com/feichai0017/NoKV/db_hot.go:85.52,86.32 1 1
github.com/feichai0017/NoKV/db_hot.go:86.32,88.3 1 0
github.com/feichai0017/NoKV/db_hot.go:89.2,89.23 1 1
github.com/feichai0017/NoKV/db_hot.go:89.23,91.3 1 1
github.com/feichai0017/NoKV/db_hot.go:92.2,93.14 2 1
github.com/feichai0017/NoKV/db_hot.go:93.14,95.3 1 1
github.com/feichai0017/NoKV/db_hot.go:96.2,99.16 4 1
github.com/feichai0017/NoKV/db_hot.go:102.53,103.54 1 1
github.com/feichai0017/NoKV/db_hot.go:103.54,105.3 1 0
github.com/feichai0017/NoKV/db_hot.go:106.2,107.6 2 1
github.com/feichai0017/NoKV/db_hot.go:107.6,109.19 2 1
github.com/feichai0017/NoKV/db_hot.go:109.19,111.4 1 0
github.com/feichai0017/NoKV/db_hot.go:112.3,112.67 1 1
github.com/feichai0017/NoKV/db_hot.go:112.67,114.4 1 1
github.com/feichai0017/NoKV/db_hot.go:115.3,115.45 1 1
github.com/feichai0017/NoKV/db_hot.go:115.45,117.4 1 1
github.com/feichai0017/NoKV/db_hot.go:118.3,121.51 4 1
github.com/feichai0017/NoKV/db_hot.go:121.51,122.9 1 1
github.com/feichai0017/NoKV/db_hot.go:126.2,127.42 2 1
github.com/feichai0017/NoKV/db_hot.go:127.42,128.7 1 1
github.com/feichai0017/NoKV/db_hot.go:128.7,130.20 2 1
github.com/feichai0017/NoKV/db_hot.go:130.20,132.5 1 0
github.com/feichai0017/NoKV/db_hot.go:133.4,135.52 3 1
github.com/feichai0017/NoKV/db_hot.go:135.52,137.5 1 1
github.com/feichai0017/NoKV/db_hot.go:142.30,144.6 2 1
github.com/feichai0017/NoKV/db_hot.go:144.6,146.10 2 1
github.com/feichai0017/NoKV/db_hot.go:146.10,147.32 1 1
github.com/feichai0017/NoKV/db_hot.go:147.32,149.5 1 1
github.com/feichai0017/NoKV/db_hot.go:150.4,151.12 2 1
github.com/feichai0017/NoKV/db_hot.go:153.3,153.26 1 1
github.com/feichai0017/NoKV/db_hot.go:157.52,158.15 1 1
github.com/feichai0017/NoKV/db_hot.go:158.15,160.3 1 0
github.com/feichai0017/NoKV/db_hot.go:161.2,162.19 2 1
github.com/feichai0017/NoKV/db_hot.go:162.19,165.3 2 1
github.com/feichai0017/NoKV/db_hot.go:166.2,166.6 1 1
github.com/feichai0017/NoKV/db_hot.go:166.6,168.19 2 1
github.com/feichai0017/NoKV/db_hot.go:168.19,170.4 1 0
github.com/feichai0017/NoKV/db_hot.go:171.3,173.30 3 1
github.com/feichai0017/NoKV/db_hot.go:173.30,175.4 1 1
github.com/feichai0017/NoKV/db_hot.go:175.9,177.4 1 0
github.com/feichai0017/NoKV/db_hot.go:178.3,178.51 1 1
github.com/feichai0017/NoKV/db_hot.go:178.51,180.4 1 1
github.com/feichai0017/NoKV/db_write.go:26.18,26.45 1 1
github.com/feichai0017/NoKV/db_write.go:29.43,30.18 1 1
github.com/feichai0017/NoKV/db_write.go:30.18,32.3 1 0
github.com/feichai0017/NoKV/db_write.go:33.2,38.16 6 1
github.com/feichai0017/NoKV/db_write.go:38.16,40.3 1 1
github.com/feichai0017/NoKV/db_write.go:43.37,44.15 1 1
github.com/feichai0017/NoKV/db_write.go:44.15,46.3 1 0
github.com/feichai0017/NoKV/db_write.go:47.2,47.52 1 1
github.com/feichai0017/NoKV/db_write.go:47.52,49.3 1 0
github.com/feichai0017/NoKV/db_write.go:50.2,50.20 1 1
github.com/feichai0017/NoKV/db_write.go:50.20,52.3 1 1
github.com/feichai0017/NoKV/db_write.go:53.2,53.23 1 1
github.com/feichai0017/NoKV/db_write.go:53.23,55.3 1 1
github.com/feichai0017/NoKV/db_write.go:56.2,56.13 1 1
github.com/feichai0017/NoKV/db_write.go:59.44,60.6 1 1
github.com/feichai0017/NoKV/db_write.go:60.6,61.10 1 1
github.com/feichai0017/NoKV/db_write.go:62.20,63.15 1 1
github.com/feichai0017/NoKV/db_write.go:64.21,65.16 1 0
github.com/feichai0017/NoKV/db_write.go:70.39,72.2 1 1
github.com/feichai0017/NoKV/db_write.go:74.38,76.2 1 1
github.com/feichai0017/NoKV/db_write.go:78.46,79.9 1 1
github.com/feichai0017/NoKV/db_write.go:80.18,81.14 1 1
github.com/feichai0017/NoKV/db_write.go:82.10,83.15 1 1
github.com/feichai0017/NoKV/db_write.go:87.43,88.6 1 1
github.com/feichai0017/NoKV/db_write.go:88.6,89.26 1 1
github.com/feichai0017/NoKV/db_write.go:89.26,91.4 1 1
github.com/feichai0017/NoKV/db_write.go:92.3,92.41 1 1
github.com/feichai0017/NoKV/db_write.go:92.41,93.82 1 1
github.com/feichai0017/NoKV/db_write.go:93.82,95.5 1 1
github.com/feichai0017/NoKV/db_write.go:96.4,97.12 2 0
github.com/feichai0017/NoKV/db_write.go:99.3,99.10 1 1
github.com/feichai0017/NoKV/db_write.go:100.19,101.15 1 1
github.com/feichai0017/NoKV/db_write.go:102.21,102.21 0 1
github.com/feichai0017/NoKV/db_write.go:107.45,108.6 1 1
github.com/feichai0017/NoKV/db_write.go:108.6,109.34 1 1
github.com/feichai0017/NoKV/db_write.go:109.34,113.4 3 1
github.com/feichai0017/NoKV/db_write.go:114.3,114.80 1 0
github.com/feichai0017/NoKV/db_write.go:114.80,116.4 1 0
github.com/feichai0017/NoKV/db_write.go:117.3,117.20 1 0
github.com/feichai0017/NoKV/db_write.go:121.39,122.36 1 1
github.com/feichai0017/NoKV/db_write.go:122.36,124.3 1 1
github.com/feichai0017/NoKV/db_write.go:125.2,125.35 1 1
github.com/feichai0017/NoKV/db_write.go:125.35,127.3 1 1
github.com/feichai0017/NoKV/db_write.go:128.2,128.31 1 1
github.com/feichai0017/NoKV/db_write.go:128.31,130.3 1 0
github.com/feichai0017/NoKV/db_write.go:133.42,135.12 2 1
github.com/feichai0017/NoKV/db_write.go:135.12,137.3 1 1
github.com/feichai0017/NoKV/db_write.go:138.2,139.17 2 1
github.com/feichai0017/NoKV/db_write.go:139.17,141.3 1 1
github.com/feichai0017/NoKV/db_write.go:142.2,142.12 1 1
github.com/feichai0017/NoKV/db_write.go:142.12,144.3 1 1
github.com/feichai0017/NoKV/db_write.go:144.8,146.3 1 1
github.com/feichai0017/NoKV/db_write.go:149.68,150.44 1 1
github.com/feichai0017/NoKV/db_write.go:150.44,152.3 1 0
github.com/feichai0017/NoKV/db_write.go:153.2,155.28 3 1
github.com/feichai0017/NoKV/db_write.go:155.28,157.3 1 1
github.com/feichai0017/NoKV/db_write.go:158.2,158.66 1 1
github.com/feichai0017/NoKV/db_write.go:158.66,160.3 1 0
github.com/feichai0017/NoKV/db_write.go:162.2,165.28 4 1
github.com/feichai0017/NoKV/db_write.go:165.28,167.3 1 1
github.com/feichai0017/NoKV/db_write.go:168.2,177.52 8 1
github.com/feichai0017/NoKV/db_write.go:177.52,182.3 4 0
github.com/feichai0017/NoKV/db_write.go:184.2,184.17 1 1
github.com/feichai0017/NoKV/db_write.go:188.51,190.16 2 1
github.com/feichai0017/NoKV/db_write.go:190.16,192.3 1 0
github.com/feichai0017/NoKV/db_write.go:194.2,194.19 1 1
github.com/feichai0017/NoKV/db_write.go:197.61,198.15 1 1
github.com/feichai0017/NoKV/db_write.go:198.15,200.3 1 0
github.com/feichai0017/NoKV/db_write.go:201.2,203.59 2 1
github.com/feichai0017/NoKV/db_write.go:203.59,205.3 1 0
github.com/feichai0017/NoKV/db_write.go:207.2,209.40 3 1
github.com/feichai0017/NoKV/db_write.go:209.40,211.3 1 0
github.com/feichai0017/NoKV/db_write.go:213.2,216.15 4 1
github.com/feichai0017/NoKV/db_write.go:216.15,217.14 1 1
github.com/feichai0017/NoKV/db_write.go:217.14,220.4 2 0
github.com/feichai0017/NoKV/db_write.go:223.2,223.24 1 1
github.com/feichai0017/NoKV/db_write.go:223.24,225.3 1 0
github.com/feichai0017/NoKV/db_write.go:226.2,226.40 1 1
github.com/feichai0017/NoKV/db_write.go:226.40,229.3 2 0
github.com/feichai0017/NoKV/db_write.go:230.2,230.23 1 1
github.com/feichai0017/NoKV/db_write.go:230.23,233.3 2 0
github.com/feichai0017/NoKV/db_write.go:234.2,242.12 8 1
github.com/feichai0017/NoKV/db_write.go:245.46,247.23 2 1
github.com/feichai0017/NoKV/db_write.go:247.23,249.3 1 1
github.com/feichai0017/NoKV/db_write.go:251.2,263.44 9 1
github.com/feichai0017/NoKV/db_write.go:263.44,265.48 2 1
github.com/feichai0017/NoKV/db_write.go:265.48,267.4 1 1
github.com/feichai0017/NoKV/db_write.go:268.3,268.54 1 1
github.com/feichai0017/NoKV/db_write.go:268.54,270.4 1 1
github.com/feichai0017/NoKV/db_write.go:273.2,273.40 1 1
github.com/feichai0017/NoKV/db_write.go:273.40,277.13 4 1
github.com/feichai0017/NoKV/db_write.go:277.13,279.17 2 0
github.com/feichai0017/NoKV/db_write.go:279.17,281.5 1 0
github.com/feichai0017/NoKV/db_write.go:282.4,282.16 1 0
github.com/feichai0017/NoKV/db_write.go:282.16,284.5 1 0
github.com/feichai0017/NoKV/db_write.go:285.4,286.53 2 0
github.com/feichai0017/NoKV/db_write.go:286.53,288.5 1 0
github.com/feichai0017/NoKV/db_write.go:292.2,292.31 1 1
github.com/feichai0017/NoKV/db_write.go:292.31,294.3 1 1
github.com/feichai0017/NoKV/db_write.go:295.2,295.116 1 1
github.com/feichai0017/NoKV/db_write.go:295.116,298.3 1 0
github.com/feichai0017/NoKV/db_write.go:299.2,299.58 1 1
github.com/feichai0017/NoKV/db_write.go:299.58,300.27 1 1
github.com/feichai0017/NoKV/db_write.go:300.27,301.9 1 1
github.com/feichai0017/NoKV/db_write.go:303.3,303.32 1 1
github.com/feichai0017/NoKV/db_write.go:303.32,305.4 1 1
github.com/feichai0017/NoKV/db_write.go:308.2,314.50 7 1
github.com/feichai0017/NoKV/db_write.go:317.30,319.6 2 1
github.com/feichai0017/NoKV/db_write.go:319.6,321.19 2 1
github.com/feichai0017/NoKV/db_write.go:321.19,323.4 1 1
github.com/feichai0017/NoKV/db_write.go:324.3,326.25 3 1
github.com/feichai0017/NoKV/db_write.go:326.25,329.12 3 0
github.com/feichai0017/NoKV/db_write.go:331.3,332.29 2 1
github.com/feichai0017/NoKV/db_write.go:332.29,334.4 1 1
github.com/feichai0017/NoKV/db_write.go:336.3,338.17 2 1
github.com/feichai0017/NoKV/db_write.go:338.17,341.12 3 1
github.com/feichai0017/NoKV/db_write.go:343.3,343.29 1 1
github.com/feichai0017/NoKV/db_write.go:343.29,345.29 2 1
github.com/feichai0017/NoKV/db_write.go:345.29,347.5 1 1
github.com/feichai0017/NoKV/db_write.go:350.3,351.38 2 1
github.com/feichai0017/NoKV/db_write.go:351.38,353.4 1 0
github.com/feichai0017/NoKV/db_write.go:354.3,354.29 1 1
github.com/feichai0017/NoKV/db_write.go:354.29,357.20 3 1
github.com/feichai0017/NoKV/db_write.go:357.20,359.5 1 1
github.com/feichai0017/NoKV/db_write.go:361.3,362.31 2 1
github.com/feichai0017/NoKV/db_write.go:366.35,369.2 2 1
github.com/feichai0017/NoKV/db_write.go:371.107,378.26 3 1
github.com/feichai0017/NoKV/db_write.go:378.26,379.33 1 1
github.com/feichai0017/NoKV/db_write.go:379.33,380.12 1 0
github.com/feichai0017/NoKV/db_write.go:382.3,386.28 5 1
github.com/feichai0017/NoKV/db_write.go:386.28,389.4 2 1
github.com/feichai0017/NoKV/db_write.go:391.2,391.51 1 1
github.com/feichai0017/NoKV/db_write.go:394.54,395.39 1 1
github.com/feichai0017/NoKV/db_write.go:395.39,397.3 1 0
github.com/feichai0017/NoKV/db_write.go:398.2,402.22 5 1
github.com/feichai0017/NoKV/db_write.go:402.22,404.3 1 1
github.com/feichai0017/NoKV/db_write.go:405.2,406.36 2 1
github.com/feichai0017/NoKV/db_write.go:409.52,410.25 1 1
github.com/feichai0017/NoKV/db_write.go:410.25,411.38 1 1
github.com/feichai0017/NoKV/db_write.go:411.38,412.12 1 0
github.com/feichai0017/NoKV/db_write.go:414.3,414.42 1 1
github.com/feichai0017/NoKV/db_write.go:414.42,416.4 1 0
github.com/feichai0017/NoKV/db_write.go:417.3,419.14 3 1
github.com/feichai0017/NoKV/db_write.go:421.2,421.12 1 1
github.com/feichai0017/NoKV/db_write.go:424.70,425.26 1 1
github.com/feichai0017/NoKV/db_write.go:425.26,426.33 1 1
github.com/feichai0017/NoKV/db_write.go:426.33,427.12 1 0
github.com/feichai0017/NoKV/db_write.go:429.3,434.24 6 1
github.com/feichai0017/NoKV/db_write.go:438.44,439.35 1 1
github.com/feichai0017/NoKV/db_write.go:439.35,441.3 1 0
github.com/feichai0017/NoKV/db_write.go:443.2,443.34 1 1
github.com/feichai0017/NoKV/db_write.go:443.34,444.38 1 1
github.com/feichai0017/NoKV/db_write.go:444.38,446.4 1 0
github.com/feichai0017/NoKV/db_write.go:446.9,449.4 2 1
github.com/feichai0017/NoKV/db_write.go:450.3,450.32 1 1
github.com/feichai0017/NoKV/db_write.go:452.2,452.51 1 1
github.com/feichai0017/NoKV/db_write.go:452.51,454.3 1 0
github.com/feichai0017/NoKV/db_write.go:455.2,455.12 1 1
github.com/feichai0017/NoKV/iterator.go:29.35,31.2 1 1
github.com/feichai0017/NoKV/iterator.go:35.55,36.30 1 1
github.com/feichai0017/NoKV/iterator.go:36.30,38.3 1 0
github.com/feichai0017/NoKV/iterator.go:39.2,40.25 2 1
github.com/feichai0017/NoKV/iterator.go:40.25,41.21 1 1
github.com/feichai0017/NoKV/iterator.go:41.21,43.4 1 0
github.com/feichai0017/NoKV/iterator.go:44.3,47.16 4 1
github.com/feichai0017/NoKV/iterator.go:47.16,49.4 1 1
github.com/feichai0017/NoKV/iterator.go:50.3,50.17 1 1
github.com/feichai0017/NoKV/iterator.go:50.17,52.4 1 0
github.com/feichai0017/NoKV/iterator.go:53.3,57.18 5 1
github.com/feichai0017/NoKV/iterator.go:59.2,59.19 1 1
github.com/feichai0017/NoKV/iterator.go:59.19,61.3 1 0
github.com/feichai0017/NoKV/iterator.go:62.2,63.17 2 1
github.com/feichai0017/NoKV/iterator.go:65.62,66.16 1 1
github.com/feichai0017/NoKV/iterator.go:66.16,68.3 1 0
github.com/feichai0017/NoKV/iterator.go:69.2,81.12 8 1
github.com/feichai0017/NoKV/iterator.go:84.32,85.37 1 1
github.com/feichai0017/NoKV/iterator.go:85.37,87.3 1 0
github.com/feichai0017/NoKV/iterator.go:88.2,89.17 2 1
github.com/feichai0017/NoKV/iterator.go:92.38,93.17 1 1
github.com/feichai0017/NoKV/iterator.go:93.17,95.3 1 0
github.com/feichai0017/NoKV/iterator.go:96.2,96.19 1 1
github.com/feichai0017/NoKV/iterator.go:99.34,100.37 1 1
github.com/feichai0017/NoKV/iterator.go:100.37,102.3 1 0
github.com/feichai0017/NoKV/iterator.go:103.2,104.17 2 1
github.com/feichai0017/NoKV/iterator.go:107.42,108.37 1 1
github.com/feichai0017/NoKV/iterator.go:108.37,110.3 1 0
github.com/feichai0017/NoKV/iterator.go:114.2,116.17 3 1
github.com/feichai0017/NoKV/iterator.go:119.43,120.32 1 1
github.com/feichai0017/NoKV/iterator.go:120.32,122.3 1 0
github.com/feichai0017/NoKV/iterator.go:123.2,123.19 1 1
github.com/feichai0017/NoKV/iterator.go:126.39,127.17 1 1
github.com/feichai0017/NoKV/iterator.go:127.17,129.3 1 0
github.com/feichai0017/NoKV/iterator.go:130.2,131.22 2 1
github.com/feichai0017/NoKV/iterator.go:131.22,134.3 2 1
github.com/feichai0017/NoKV/iterator.go:135.2,137.41 3 1
github.com/feichai0017/NoKV/iterator.go:137.41,139.3 1 1
github.com/feichai0017/NoKV/iterator.go:140.2,141.12 2 1
github.com/feichai0017/NoKV/iterator.go:144.36,145.37 1 1
github.com/feichai0017/NoKV/iterator.go:145.37,147.3 1 0
github.com/feichai0017/NoKV/iterator.go:148.2,150.24 3 1
github.com/feichai0017/NoKV/iterator.go:150.24,152.18 2 1
github.com/feichai0017/NoKV/iterator.go:152.18,154.12 2 0
github.com/feichai0017/NoKV/iterator.go:156.3,156.37 1 1
github.com/feichai0017/NoKV/iterator.go:156.37,159.4 2 1
github.com/feichai0017/NoKV/iterator.go:160.3,160.19 1 1
github.com/feichai0017/NoKV/iterator.go:164.57,165.31 1 1
github.com/feichai0017/NoKV/iterator.go:165.31,167.3 1 0
github.com/feichai0017/NoKV/iterator.go:168.2,168.30 1 1
github.com/feichai0017/NoKV/iterator.go:168.30,170.3 1 0
github.com/feichai0017/NoKV/iterator.go:171.2,175.13 5 1
github.com/feichai0017/NoKV/iterator.go:175.13,177.3 1 1
github.com/feichai0017/NoKV/iterator.go:178.2,178.24 1 1
github.com/feichai0017/NoKV/iterator.go:178.24,179.19 1 1
github.com/feichai0017/NoKV/iterator.go:179.19,183.4 2 1
github.com/feichai0017/NoKV/iterator.go:183.9,187.17 4 1
github.com/feichai0017/NoKV/iterator.go:187.17,189.5 1 1
github.com/feichai0017/NoKV/iterator.go:190.4,190.35 1 1
github.com/feichai0017/NoKV/iterator.go:190.35,192.5 1 1
github.com/feichai0017/NoKV/iterator.go:193.4,196.41 4 1
github.com/feichai0017/NoKV/iterator.go:198.8,199.51 1 1
github.com/feichai0017/NoKV/iterator.go:199.51,201.4 1 0
github.com/feichai0017/NoKV/iterator.go:202.3,203.40 2 1
github.com/feichai0017/NoKV/iterator.go:205.2,206.13 2 1
github.com/feichai0017/NoKV/iterator_pool.go:19.38,21.27 2 1
github.com/feichai0017/NoKV/iterator_pool.go:21.27,21.41 1 1
github.com/feichai0017/NoKV/iterator_pool.go:22.2,22.11 1 1
github.com/feichai0017/NoKV/iterator_pool.go:25.47,26.14 1 1
github.com/feichai0017/NoKV/iterator_pool.go:26.14,28.3 1 0
github.com/feichai0017/NoKV/iterator_pool.go:29.2,29.33 1 1
github.com/feichai0017/NoKV/iterator_pool.go:29.33,30.42 1 1
github.com/feichai0017/NoKV/iterator_pool.go:30.42,34.4 3 1
github.com/feichai0017/NoKV/iterator_pool.go:36.2,36.62 1 1
github.com/feichai0017/NoKV/iterator_pool.go:39.50,40.28 1 1
github.com/feichai0017/NoKV/iterator_pool.go:40.28,42.3 1 0
github.com/feichai0017/NoKV/iterator_pool.go:43.2,44.17 2 1
github.com/feichai0017/NoKV/iterator_pool.go:47.40,48.14 1 1
github.com/feichai0017/NoKV/iterator_pool.go:48.14,50.3 1 0
github.com/feichai0017/NoKV/iterator_pool.go:51.2,51.36 1 1
github.com/feichai0017/NoKV/iterator_pool.go:54.37,55.16 1 1
github.com/feichai0017/NoKV/iterator_pool.go:55.16,57.3 1 0
github.com/feichai0017/NoKV/iterator_pool.go:58.2,58.27 1 1
github.com/feichai0017/NoKV/options.go:146.35,195.2 8 1
github.com/feichai0017/NoKV/stats.go:138.62,157.2 1 1
github.com/feichai0017/NoKV/stats.go:246.30,329.60 2 1
github.com/feichai0017/NoKV/stats.go:329.60,330.35 1 1
github.com/feichai0017/NoKV/stats.go:330.35,332.4 1 1
github.com/feichai0017/NoKV/stats.go:334.2,334.20 1 1
github.com/feichai0017/NoKV/stats.go:334.20,336.3 1 1
github.com/feichai0017/NoKV/stats.go:337.2,338.48 2 1
github.com/feichai0017/NoKV/stats.go:338.48,339.66 1 1
github.com/feichai0017/NoKV/stats.go:339.66,340.50 1 0
github.com/feichai0017/NoKV/stats.go:340.50,342.5 1 0
github.com/feichai0017/NoKV/stats.go:343.4,345.31 3 0
github.com/feichai0017/NoKV/stats.go:345.31,356.5 1 0
github.com/feichai0017/NoKV/stats.go:357.4,357.14 1 0
github.com/feichai0017/NoKV/stats.go:360.2,360.45 1 1
github.com/feichai0017/NoKV/stats.go:360.45,361.63 1 1
github.com/feichai0017/NoKV/stats.go:361.63,362.34 1 0
github.com/feichai0017/NoKV/stats.go:362.34,364.5 1 0
github.com/feichai0017/NoKV/stats.go:365.4,366.17 2 0
github.com/feichai0017/NoKV/stats.go:366.17,368.5 1 0
github.com/feichai0017/NoKV/stats.go:369.4,371.31 3 0
github.com/feichai0017/NoKV/stats.go:371.31,376.5 1 0
github.com/feichai0017/NoKV/stats.go:377.4,377.14 1 0
github.com/feichai0017/NoKV/stats.go:380.2,380.10 1 1
github.com/feichai0017/NoKV/stats.go:383.40,384.37 1 1
github.com/feichai0017/NoKV/stats.go:384.37,385.36 1 1
github.com/feichai0017/NoKV/stats.go:385.36,387.4 1 1
github.com/feichai0017/NoKV/stats.go:389.2,389.28 1 1
github.com/feichai0017/NoKV/stats.go:392.44,393.37 1 1
github.com/feichai0017/NoKV/stats.go:393.37,394.38 1 1
github.com/feichai0017/NoKV/stats.go:394.38,396.4 1 1
github.com/feichai0017/NoKV/stats.go:398.2,398.30 1 1
github.com/feichai0017/NoKV/stats.go:401.46,402.37 1 1
github.com/feichai0017/NoKV/stats.go:402.37,403.39 1 1
github.com/feichai0017/NoKV/stats.go:403.39,405.4 1 1
github.com/feichai0017/NoKV/stats.go:407.2,407.31 1 1
github.com/feichai0017/NoKV/stats.go:410.40,411.37 1 1
github.com/feichai0017/NoKV/stats.go:411.37,412.36 1 1
github.com/feichai0017/NoKV/stats.go:412.36,414.4 1 1
github.com/feichai0017/NoKV/stats.go:416.2,416.28 1 1
github.com/feichai0017/NoKV/stats.go:419.39,423.2 3 1
github.com/feichai0017/NoKV/stats.go:426.30,427.14 1 1
github.com/feichai0017/NoKV/stats.go:427.14,429.3 1 0
github.com/feichai0017/NoKV/stats.go:430.2,430.19 1 1
github.com/feichai0017/NoKV/stats.go:430.19,433.3 2 1
github.com/feichai0017/NoKV/stats.go:437.62,438.14 1 1
github.com/feichai0017/NoKV/stats.go:438.14,440.3 1 0
github.com/feichai0017/NoKV/stats.go:441.2,441.27 1 1
github.com/feichai0017/NoKV/stats.go:444.23,453.6 5 1
github.com/feichai0017/NoKV/stats.go:453.6,454.10 1 1
github.com/feichai0017/NoKV/stats.go:455.19,456.15 1 0
github.com/feichai0017/NoKV/stats.go:457.31,458.10 1 1
github.com/feichai0017/NoKV/stats.go:464.27,507.32 43 1
github.com/feichai0017/NoKV/stats.go:507.32,509.3 1 0
github.com/feichai0017/NoKV/stats.go:509.8,511.3 1 1
github.com/feichai0017/NoKV/stats.go:512.2,525.33 14 1
github.com/feichai0017/NoKV/stats.go:525.33,527.3 1 1
github.com/feichai0017/NoKV/stats.go:528.2,533.25 6 1
github.com/feichai0017/NoKV/stats.go:533.25,535.3 1 0
github.com/feichai0017/NoKV/stats.go:535.8,537.3 1 1
github.com/feichai0017/NoKV/stats.go:538.2,538.30 1 1
github.com/feichai0017/NoKV/stats.go:538.30,540.3 1 1
github.com/feichai0017/NoKV/stats.go:540.8,542.3 1 1
github.com/feichai0017/NoKV/stats.go:543.2,552.20 10 1
github.com/feichai0017/NoKV/stats.go:552.20,554.47 2 1
github.com/feichai0017/NoKV/stats.go:554.47,560.4 5 1
github.com/feichai0017/NoKV/stats.go:562.2,562.30 1 1
github.com/feichai0017/NoKV/stats.go:562.30,569.3 6 1
github.com/feichai0017/NoKV/stats.go:570.2,570.26 1 1
github.com/feichai0017/NoKV/stats.go:570.26,577.3 6 1
github.com/feichai0017/NoKV/stats.go:578.2,578.46 1 1
github.com/feichai0017/NoKV/stats.go:582.42,584.29 2 1
github.com/feichai0017/NoKV/stats.go:584.29,586.3 1 0
github.com/feichai0017/NoKV/stats.go:588.2,588.21 1 1
github.com/feichai0017/NoKV/stats.go:588.21,589.57 1 1
github.com/feichai0017/NoKV/stats.go:589.57,591.4 1 1
github.com/feichai0017/NoKV/stats.go:595.2,595.21 1 1
github.com/feichai0017/NoKV/stats.go:595.21,602.27 7 1
github.com/feichai0017/NoKV/stats.go:602.27,604.4 1 0
github.com/feichai0017/NoKV/stats.go:605.3,605.28 1 1
github.com/feichai0017/NoKV/stats.go:605.28,607.4 1 0
github.com/feichai0017/NoKV/stats.go:608.3,608.27 1 1
github.com/feichai0017/NoKV/stats.go:608.27,610.4 1 0
github.com/feichai0017/NoKV/stats.go:611.3,611.28 1 1
github.com/feichai0017/NoKV/stats.go:611.28,613.4 1 0
github.com/feichai0017/NoKV/stats.go:614.3,614.29 1 1
github.com/feichai0017/NoKV/stats.go:614.29,616.4 1 0
github.com/feichai0017/NoKV/stats.go:617.3,617.28 1 1
github.com/feichai0017/NoKV/stats.go:617.28,619.4 1 0
github.com/feichai0017/NoKV/stats.go:620.3,620.30 1 1
github.com/feichai0017/NoKV/stats.go:620.30,622.4 1 0
github.com/feichai0017/NoKV/stats.go:623.3,623.31 1 1
github.com/feichai0017/NoKV/stats.go:623.31,625.4 1 0
github.com/feichai0017/NoKV/stats.go:626.3,626.30 1 1
github.com/feichai0017/NoKV/stats.go:626.30,628.4 1 0
github.com/feichai0017/NoKV/stats.go:629.3,631.57 3 1
github.com/feichai0017/NoKV/stats.go:631.57,637.31 6 1
github.com/feichai0017/NoKV/stats.go:637.31,640.43 3 1
github.com/feichai0017/NoKV/stats.go:640.43,642.6 1 1
github.com/feichai0017/NoKV/stats.go:643.5,643.49 1 1
github.com/feichai0017/NoKV/stats.go:643.49,645.6 1 0
github.com/feichai0017/NoKV/stats.go:646.5,651.46 6 1
github.com/feichai0017/NoKV/stats.go:653.4,660.58 8 1
github.com/feichai0017/NoKV/stats.go:660.58,664.47 4 1
github.com/feichai0017/NoKV/stats.go:664.47,666.6 1 0
github.com/feichai0017/NoKV/stats.go:667.5,667.24 1 1
github.com/feichai0017/NoKV/stats.go:667.24,669.6 1 0
github.com/feichai0017/NoKV/stats.go:670.5,670.74 1 1
github.com/feichai0017/NoKV/stats.go:674.2,674.29 1 1
github.com/feichai0017/NoKV/stats.go:674.29,676.38 2 1
github.com/feichai0017/NoKV/stats.go:676.38,678.4 1 1
github.com/feichai0017/NoKV/stats.go:679.3,682.32 4 1
github.com/feichai0017/NoKV/stats.go:682.32,684.4 1 1
github.com/feichai0017/NoKV/stats.go:684.9,686.4 1 1
github.com/feichai0017/NoKV/stats.go:687.8,691.3 3 0
github.com/feichai0017/NoKV/stats.go:692.2,694.30 2 1
github.com/feichai0017/NoKV/stats.go:694.30,705.3 10 1
github.com/feichai0017/NoKV/stats.go:706.2,709.45 3 1
github.com/feichai0017/NoKV/stats.go:709.45,717.3 7 1
github.com/feichai0017/NoKV/stats.go:719.2,724.21 2 1
github.com/feichai0017/NoKV/stats.go:724.21,726.20 2 1
github.com/feichai0017/NoKV/stats.go:726.20,731.4 4 1
github.com/feichai0017/NoKV/stats.go:732.3,732.45 1 1
github.com/feichai0017/NoKV/stats.go:734.2,734.40 1 1
github.com/feichai0017/NoKV/stats.go:734.40,737.3 2 1
github.com/feichai0017/NoKV/stats.go:739.2,745.19 6 1
github.com/feichai0017/NoKV/stats.go:745.19,751.53 6 1
github.com/feichai0017/NoKV/stats.go:751.53,753.4 1 0
github.com/feichai0017/NoKV/stats.go:754.3,754.28 1 1
github.com/feichai0017/NoKV/stats.go:754.28,755.24 1 1
github.com/feichai0017/NoKV/stats.go:755.24,757.33 2 0
github.com/feichai0017/NoKV/stats.go:757.33,759.6 1 0
github.com/feichai0017/NoKV/stats.go:760.5,760.13 1 0
github.com/feichai0017/NoKV/stats.go:762.4,762.43 1 1
github.com/feichai0017/NoKV/stats.go:762.43,764.5 1 1
github.com/feichai0017/NoKV/stats.go:765.4,765.28 1 1
github.com/feichai0017/NoKV/stats.go:765.28,767.5 1 1
github.com/feichai0017/NoKV/stats.go:768.4,768.27 1 1
github.com/feichai0017/NoKV/stats.go:768.27,770.16 2 1
github.com/feichai0017/NoKV/stats.go:770.16,772.6 1 0
github.com/feichai0017/NoKV/stats.go:773.5,773.16 1 1
github.com/feichai0017/NoKV/stats.go:773.16,775.6 1 0
github.com/feichai0017/NoKV/stats.go:776.5,776.21 1 1
github.com/feichai0017/NoKV/stats.go:776.21,778.6 1 0
github.com/feichai0017/NoKV/stats.go:781.3,784.35 4 1
github.com/feichai0017/NoKV/stats.go:786.2,787.19 2 1
github.com/feichai0017/NoKV/stats.go:787.19,789.3 1 0
github.com/feichai0017/NoKV/stats.go:790.2,791.89 2 1
github.com/feichai0017/NoKV/stats.go:791.89,793.3 1 0
github.com/feichai0017/NoKV/stats.go:795.2,796.51 2 1
github.com/feichai0017/NoKV/stats.go:796.51,801.20 5 1
github.com/feichai0017/NoKV/stats.go:801.20,804.4 2 0
github.com/feichai0017/NoKV/stats.go:804.9,804.21 1 1
github.com/feichai0017/NoKV/stats.go:804.21,807.4 2 0
github.com/feichai0017/NoKV/stats.go:808.8,808.20 1 1
github.com/feichai0017/NoKV/stats.go:808.20,811.3 2 0
github.com/feichai0017/NoKV/stats.go:814.2,814.22 1 1
github.com/feichai0017/NoKV/stats.go:814.22,820.3 5 1
github.com/feichai0017/NoKV/stats.go:821.2,821.21 1 1
github.com/feichai0017/NoKV/stats.go:821.21,827.3 5 1
github.com/feichai0017/NoKV/stats.go:828.2,828.36 1 1
github.com/feichai0017/NoKV/stats.go:828.36,830.16 2 1
github.com/feichai0017/NoKV/stats.go:830.16,832.4 1 0
github.com/feichai0017/NoKV/stats.go:833.3,833.44 1 1
github.com/feichai0017/NoKV/stats.go:833.44,835.4 1 1
github.com/feichai0017/NoKV/stats.go:837.2,837.36 1 1
github.com/feichai0017/NoKV/stats.go:837.36,839.50 2 1
github.com/feichai0017/NoKV/stats.go:839.50,841.4 1 0
github.com/feichai0017/NoKV/stats.go:842.3,842.50 1 1
github.com/feichai0017/NoKV/stats.go:842.50,844.4 1 0
github.com/feichai0017/NoKV/stats.go:845.3,845.56 1 1
github.com/feichai0017/NoKV/stats.go:845.56,847.4 1 0
github.com/feichai0017/NoKV/stats.go:848.3,848.56 1 1
github.com/feichai0017/NoKV/stats.go:848.56,850.4 1 0
github.com/feichai0017/NoKV/stats.go:852.2,852.41 1 1
github.com/feichai0017/NoKV/stats.go:852.41,854.3 1 1
github.com/feichai0017/NoKV/stats.go:855.2,855.36 1 1
github.com/feichai0017/NoKV/stats.go:855.36,861.3 5 1
github.com/feichai0017/NoKV/stats.go:862.2,862.17 1 1
github.com/feichai0017/NoKV/stats.go:862.17,864.3 1 1
github.com/feichai0017/NoKV/stats.go:865.2,865.13 1 1
github.com/feichai0017/NoKV/stats.go:869.31,870.14 1 1
github.com/feichai0017/NoKV/stats.go:870.14,872.3 1 0
github.com/feichai0017/NoKV/stats.go:873.2,874.12 2 1
github.com/feichai0017/NoKV/txn.go:51.69,52.19 1 1
github.com/feichai0017/NoKV/txn.go:52.19,54.3 1 0
github.com/feichai0017/NoKV/txn.go:55.2,56.21 2 1
github.com/feichai0017/NoKV/txn.go:56.21,58.3 1 1
github.com/feichai0017/NoKV/txn.go:59.2,59.12 1 1
github.com/feichai0017/NoKV/txn.go:62.37,78.2 5 1
github.com/feichai0017/NoKV/txn.go:80.52,81.32 1 1
github.com/feichai0017/NoKV/txn.go:81.32,83.3 1 1
github.com/feichai0017/NoKV/txn.go:85.2,86.33 2 1
github.com/feichai0017/NoKV/txn.go:86.33,88.3 1 1
github.com/feichai0017/NoKV/txn.go:89.2,90.37 2 1
github.com/feichai0017/NoKV/txn.go:90.37,92.3 1 1
github.com/feichai0017/NoKV/txn.go:94.2,96.35 3 1
github.com/feichai0017/NoKV/txn.go:99.25,101.2 1 0
github.com/feichai0017/NoKV/txn.go:103.34,106.2 2 1
github.com/feichai0017/NoKV/txn.go:108.35,110.2 1 1
github.com/feichai0017/NoKV/txn.go:112.37,114.2 1 1
github.com/feichai0017/NoKV/txn.go:116.35,118.2 1 1
github.com/feichai0017/NoKV/txn.go:120.58,127.2 1 1
github.com/feichai0017/NoKV/txn.go:129.34,131.50 2 1
github.com/feichai0017/NoKV/txn.go:131.50,133.3 1 1
github.com/feichai0017/NoKV/txn.go:134.2,141.15 3 1
github.com/feichai0017/NoKV/txn.go:145.45,146.25 1 1
github.com/feichai0017/NoKV/txn.go:146.25,148.3 1 1
github.com/feichai0017/NoKV/txn.go:150.2,150.26 1 1
github.com/feichai0017/NoKV/txn.go:150.26,151.32 1 1
github.com/feichai0017/NoKV/txn.go:151.32,152.58 1 1
github.com/feichai0017/NoKV/txn.go:152.58,154.5 1 1
github.com/feichai0017/NoKV/txn.go:157.2,157.47 1 1
github.com/feichai0017/NoKV/txn.go:157.47,164.36 1 1
github.com/feichai0017/NoKV/txn.go:164.36,165.12 1 1
github.com/feichai0017/NoKV/txn.go:168.3,168.32 1 0
github.com/feichai0017/NoKV/txn.go:168.32,169.52 1 0
github.com/feichai0017/NoKV/txn.go:169.52,171.5 1 0
github.com/feichai0017/NoKV/txn.go:175.2,175.14 1 1
github.com/feichai0017/NoKV/txn.go:178.55,182.24 3 1
github.com/feichai0017/NoKV/txn.go:182.24,184.3 1 1
github.com/feichai0017/NoKV/txn.go:186.2,195.23 6 1
github.com/feichai0017/NoKV/txn.go:195.23,204.27 3 1
github.com/feichai0017/NoKV/txn.go:204.27,205.26 1 1
github.com/feichai0017/NoKV/txn.go:205.26,207.5 1 1
github.com/feichai0017/NoKV/txn.go:211.2,211.18 1 1
github.com/feichai0017/NoKV/txn.go:214.37,215.19 1 1
github.com/feichai0017/NoKV/txn.go:215.19,218.3 2 1
github.com/feichai0017/NoKV/txn.go:221.49,222.24 1 1
github.com/feichai0017/NoKV/txn.go:222.24,226.3 1 0
github.com/feichai0017/NoKV/txn.go:228.2,234.34 3 1
github.com/feichai0017/NoKV/txn.go:234.34,236.3 1 1
github.com/feichai0017/NoKV/txn.go:237.2,240.38 3 1
github.com/feichai0017/NoKV/txn.go:240.38,241.26 1 1
github.com/feichai0017/NoKV/txn.go:241.26,242.28 1 1
github.com/feichai0017/NoKV/txn.go:242.28,243.37 1 1
github.com/feichai0017/NoKV/txn.go:243.37,244.56 1 1
github.com/feichai0017/NoKV/txn.go:244.56,246.7 1 1
github.com/feichai0017/NoKV/txn.go:249.4,249.12 1 1
github.com/feichai0017/NoKV/txn.go:251.3,251.25 1 1
github.com/feichai0017/NoKV/txn.go:253.2,253.23 1 1
github.com/feichai0017/NoKV/txn.go:256.41,258.2 1 1
github.com/feichai0017/NoKV/txn.go:288.52,290.2 1 1
github.com/feichai0017/NoKV/txn.go:292.41,294.2 1 1
github.com/feichai0017/NoKV/txn.go:296.43,298.2 1 1
github.com/feichai0017/NoKV/txn.go:300.51,301.63 1 1
github.com/feichai0017/NoKV/txn.go:301.63,303.19 2 1
github.com/feichai0017/NoKV/txn.go:303.19,305.4 1 1
github.com/feichai0017/NoKV/txn.go:306.3,306.18 1 0
github.com/feichai0017/NoKV/txn.go:310.47,314.2 3 1
github.com/feichai0017/NoKV/txn.go:316.57,325.2 3 1
github.com/feichai0017/NoKV/txn.go:327.47,329.2 1 1
github.com/feichai0017/NoKV/txn.go:331.48,333.2 1 1
github.com/feichai0017/NoKV/txn.go:335.80,336.48 1 1
github.com/feichai0017/NoKV/txn.go:336.48,338.3 1 1
github.com/feichai0017/NoKV/txn.go:339.2,340.38 2 1
github.com/feichai0017/NoKV/txn.go:340.38,344.3 3 1
github.com/feichai0017/NoKV/txn.go:345.2,345.42 1 1
github.com/feichai0017/NoKV/txn.go:345.42,347.16 2 1
github.com/feichai0017/NoKV/txn.go:347.16,349.4 1 1
github.com/feichai0017/NoKV/txn.go:350.3,350.17 1 1
github.com/feichai0017/NoKV/txn.go:352.2,356.3 1 1
github.com/feichai0017/NoKV/txn.go:359.46,363.74 3 1
github.com/feichai0017/NoKV/txn.go:363.74,365.3 1 0
github.com/feichai0017/NoKV/txn.go:366.2,367.12 2 1
github.com/feichai0017/NoKV/txn.go:370.62,373.2 1 1
github.com/feichai0017/NoKV/txn.go:377.43,378.9 1 1
github.com/feichai0017/NoKV/txn.go:379.19,380.30 1 0
github.com/feichai0017/NoKV/txn.go:381.21,382.31 1 0
github.com/feichai0017/NoKV/txn.go:383.23,384.27 1 0
github.com/feichai0017/NoKV/txn.go:385.31,389.47 1 0
github.com/feichai0017/NoKV/txn.go:392.2,392.19 1 1
github.com/feichai0017/NoKV/txn.go:392.19,393.64 1 1
github.com/feichai0017/NoKV/txn.go:393.64,395.4 1 1
github.com/feichai0017/NoKV/txn.go:398.2,398.41 1 1
github.com/feichai0017/NoKV/txn.go:398.41,400.3 1 0
github.com/feichai0017/NoKV/txn.go:404.2,405.32 2 1
github.com/feichai0017/NoKV/txn.go:405.32,408.3 2 1
github.com/feichai0017/NoKV/txn.go:410.2,411.12 2 1
github.com/feichai0017/NoKV/txn.go:419.44,421.2 1 1
github.com/feichai0017/NoKV/txn.go:428.45,430.2 1 1
github.com/feichai0017/NoKV/txn.go:440.42,443.38 3 1
github.com/feichai0017/NoKV/txn.go:443.38,446.3 2 0
github.com/feichai0017/NoKV/txn.go:447.2,447.12 1 1
github.com/feichai0017/NoKV/txn.go:452.58,453.19 1 1
github.com/feichai0017/NoKV/txn.go:453.19,455.3 1 0
github.com/feichai0017/NoKV/txn.go:455.8,455.26 1 1
github.com/feichai0017/NoKV/txn.go:455.26,457.3 1 0
github.com/feichai0017/NoKV/txn.go:459.2,461.19 3 1
github.com/feichai0017/NoKV/txn.go:461.19,463.3 1 1
github.com/feichai0017/NoKV/txn.go:464.2,464.16 1 1
github.com/feichai0017/NoKV/txn.go:464.16,466.81 2 1
github.com/feichai0017/NoKV/txn.go:466.81,467.47 1 1
github.com/feichai0017/NoKV/txn.go:467.47,469.5 1 0
github.com/feichai0017/NoKV/txn.go:471.4,480.20 9 1
github.com/feichai0017/NoKV/txn.go:484.3,484.24 1 1
github.com/feichai0017/NoKV/txn.go:488.2,490.16 3 1
github.com/feichai0017/NoKV/txn.go:490.16,491.34 1 1
github.com/feichai0017/NoKV/txn.go:491.34,493.4 1 1
github.com/feichai0017/NoKV/txn.go:494.3,494.55 1 0
github.com/feichai0017/NoKV/txn.go:497.2,497.36 1 1
github.com/feichai0017/NoKV/txn.go:497.36,502.17 5 1
github.com/feichai0017/NoKV/txn.go:502.17,504.4 1 0
github.com/feichai0017/NoKV/txn.go:505.3,506.33 2 1
github.com/feichai0017/NoKV/txn.go:509.2,509.37 1 1
github.com/feichai0017/NoKV/txn.go:509.37,511.3 1 0
github.com/feichai0017/NoKV/txn.go:512.2,512.47 1 1
github.com/feichai0017/NoKV/txn.go:512.47,514.3 1 1
github.com/feichai0017/NoKV/txn.go:516.2,518.17 3 1
github.com/feichai0017/NoKV/txn.go:518.17,520.3 1 0
github.com/feichai0017/NoKV/txn.go:521.2,528.18 8 1
github.com/feichai0017/NoKV/txn.go:531.40,532.16 1 1
github.com/feichai0017/NoKV/txn.go:532.16,542.3 4 1
github.com/feichai0017/NoKV/txn.go:550.27,551.19 1 1
github.com/feichai0017/NoKV/txn.go:551.19,553.3 1 1
github.com/feichai0017/NoKV/txn.go:554.2,554.45 1 1
github.com/feichai0017/NoKV/txn.go:554.45,555.53 1 0
github.com/feichai0017/NoKV/txn.go:557.2,560.16 2 1
github.com/feichai0017/NoKV/txn.go:560.16,561.39 1 1
github.com/feichai0017/NoKV/txn.go:561.39,563.4 1 1
github.com/feichai0017/NoKV/txn.go:564.3,564.27 1 1
github.com/feichai0017/NoKV/txn.go:567.2,570.15 3 1
github.com/feichai0017/NoKV/txn.go:573.38,574.30 1 1
github.com/feichai0017/NoKV/txn.go:574.30,576.3 1 1
github.com/feichai0017/NoKV/txn.go:577.2,577.35 1 1
github.com/feichai0017/NoKV/txn.go:577.35,579.3 1 1
github.com/feichai0017/NoKV/txn.go:582.27,583.18 1 1
github.com/feichai0017/NoKV/txn.go:583.18,585.3 1 0
github.com/feichai0017/NoKV/txn.go:586.2,597.29 12 1
github.com/feichai0017/NoKV/txn.go:597.29,598.35 1 1
github.com/feichai0017/NoKV/txn.go:598.35,600.4 1 1
github.com/feichai0017/NoKV/txn.go:604.55,611.14 6 1
github.com/feichai0017/NoKV/txn.go:611.14,614.3 2 1
github.com/feichai0017/NoKV/txn.go:616.2,616.34 1 1
github.com/feichai0017/NoKV/txn.go:616.34,617.21 1 1
github.com/feichai0017/NoKV/txn.go:617.21,619.4 1 1
github.com/feichai0017/NoKV/txn.go:621.2,621.38 1 1
github.com/feichai0017/NoKV/txn.go:621.38,623.3 1 1
github.com/feichai0017/NoKV/txn.go:625.2,626.36 2 1
github.com/feichai0017/NoKV/txn.go:626.36,631.3 2 1
github.com/feichai0017/NoKV/txn.go:633.2,633.38 1 1
github.com/feichai0017/NoKV/txn.go:633.38,635.3 1 1
github.com/feichai0017/NoKV/txn.go:636.2,639.16 3 1
github.com/feichai0017/NoKV/txn.go:639.16,642.3 2 0
github.com/feichai0017/NoKV/txn.go:643.2,643.22 1 1
github.com/feichai0017/NoKV/txn.go:643.22,645.17 2 1
github.com/feichai0017/NoKV/txn.go:645.17,647.4 1 1
github.com/feichai0017/NoKV/txn.go:651.3,652.13 2 1
github.com/feichai0017/NoKV/txn.go:654.2,654.17 1 1
github.com/feichai0017/NoKV/txn.go:657.40,658.19 1 1
github.com/feichai0017/NoKV/txn.go:658.19,660.3 1 0
github.com/feichai0017/NoKV/txn.go:661.2,661.12 1 1
github.com/feichai0017/NoKV/txn.go:682.32,685.33 1 1
github.com/feichai0017/NoKV/txn.go:685.33,687.3 1 0
github.com/feichai0017/NoKV/txn.go:689.2,689.45 1 1
github.com/feichai0017/NoKV/txn.go:689.45,691.3 1 0
github.com/feichai0017/NoKV/txn.go:692.2,695.16 3 1
github.com/feichai0017/NoKV/txn.go:695.16,697.3 1 1
github.com/feichai0017/NoKV/txn.go:703.2,703.16 1 1
github.com/feichai0017/NoKV/txn.go:712.32,713.9 1 1
github.com/feichai0017/NoKV/txn.go:714.17,715.31 1 0
github.com/feichai0017/NoKV/txn.go:716.22,717.62 1 0
github.com/feichai0017/NoKV/txn.go:718.21,719.18 1 1
github.com/feichai0017/NoKV/txn.go:720.24,722.15 2 1
github.com/feichai0017/NoKV/txn.go:723.10,724.15 1 0
github.com/feichai0017/NoKV/txn.go:732.44,733.15 1 1
github.com/feichai0017/NoKV/txn.go:733.15,734.47 1 0
github.com/feichai0017/NoKV/txn.go:737.2,737.33 1 1
github.com/feichai0017/NoKV/txn.go:737.33,743.3 2 0
github.com/feichai0017/NoKV/txn.go:746.2,746.45 1 1
github.com/feichai0017/NoKV/txn.go:746.45,749.3 2 0
github.com/feichai0017/NoKV/txn.go:751.2,754.16 3 1
github.com/feichai0017/NoKV/txn.go:754.16,757.3 2 1
github.com/feichai0017/NoKV/txn.go:759.2,759.55 1 1
github.com/feichai0017/NoKV/txn.go:763.33,765.2 1 1
github.com/feichai0017/NoKV/txn.go:767.48,769.2 1 1
github.com/feichai0017/NoKV/txn.go:771.48,784.12 13 1
github.com/feichai0017/NoKV/txn.go:784.12,785.29 1 1
github.com/feichai0017/NoKV/txn.go:785.29,786.31 1 1
github.com/feichai0017/NoKV/txn.go:786.31,788.5 1 1
github.com/feichai0017/NoKV/txn.go:788.10,789.37 1 0
github.com/feichai0017/NoKV/txn.go:789.37,791.6 1 0
github.com/feichai0017/NoKV/txn.go:793.9,795.4 1 1
github.com/feichai0017/NoKV/txn.go:796.3,796.31 1 1
github.com/feichai0017/NoKV/txn.go:796.31,798.4 1 1
github.com/feichai0017/NoKV/txn.go:798.9,799.37 1 0
github.com/feichai0017/NoKV/txn.go:799.37,801.5 1 0
github.com/feichai0017/NoKV/txn.go:803.8,805.31 2 1
github.com/feichai0017/NoKV/txn.go:805.31,806.37 1 0
github.com/feichai0017/NoKV/txn.go:806.37,808.5 1 0
github.com/feichai0017/NoKV/txn.go:811.2,814.12 3 1
github.com/feichai0017/NoKV/txn.go:820.51,821.19 1 1
github.com/feichai0017/NoKV/txn.go:821.19,823.3 1 0
github.com/feichai0017/NoKV/txn.go:824.2,828.16 3 1
github.com/feichai0017/NoKV/txn.go:834.53,835.19 1 1
github.com/feichai0017/NoKV/txn.go:835.19,837.3 1 0
github.com/feichai0017/NoKV/txn.go:838.2,841.32 3 1
github.com/feichai0017/NoKV/txn.go:841.32,843.3 1 0
github.com/feichai0017/NoKV/txn.go:845.2,845.21 1 1
github.com/feichai0017/NoKV/txn_iterator.go:53.76,60.2 3 1
github.com/feichai0017/NoKV/txn_iterator.go:62.43,63.22 1 1
github.com/feichai0017/NoKV/txn_iterator.go:63.22,65.41 2 1
github.com/feichai0017/NoKV/txn_iterator.go:65.41,67.12 2 0
github.com/feichai0017/NoKV/txn_iterator.go:69.3,69.47 1 1
github.com/feichai0017/NoKV/txn_iterator.go:69.47,71.12 2 1
github.com/feichai0017/NoKV/txn_iterator.go:73.3,73.8 1 1
github.com/feichai0017/NoKV/txn_iterator.go:77.34,80.2 2 1
github.com/feichai0017/NoKV/txn_iterator.go:82.40,84.2 1 1
github.com/feichai0017/NoKV/txn_iterator.go:86.36,89.2 2 1
github.com/feichai0017/NoKV/txn_iterator.go:91.45,93.2 1 1
github.com/feichai0017/NoKV/txn_iterator.go:95.41,97.2 1 1
github.com/feichai0017/NoKV/txn_iterator.go:99.44,102.2 2 1
github.com/feichai0017/NoKV/txn_iterator.go:106.63,107.19 1 1
github.com/feichai0017/NoKV/txn_iterator.go:107.19,108.50 1 0
github.com/feichai0017/NoKV/txn_iterator.go:110.2,110.23 1 1
github.com/feichai0017/NoKV/txn_iterator.go:110.23,111.35 1 0
github.com/feichai0017/NoKV/txn_iterator.go:114.2,120.45 3 1
github.com/feichai0017/NoKV/txn_iterator.go:120.45,123.3 2 1
github.com/feichai0017/NoKV/txn_iterator.go:124.2,124.18 1 1
github.com/feichai0017/NoKV/txn_iterator.go:124.18,126.3 1 0
github.com/feichai0017/NoKV/txn_iterator.go:127.2,127.66 1 1
github.com/feichai0017/NoKV/txn_iterator.go:127.66,129.3 1 1
github.com/feichai0017/NoKV/txn_iterator.go:131.2,132.25 2 1
github.com/feichai0017/NoKV/txn_iterator.go:132.25,134.3 1 1
github.com/feichai0017/NoKV/txn_iterator.go:135.2,137.55 2 1
github.com/feichai0017/NoKV/txn_iterator.go:137.55,139.3 1 1
github.com/feichai0017/NoKV/txn_iterator.go:140.2,140.16 1 1
github.com/feichai0017/NoKV/txn_iterator.go:140.16,142.3 1 1
github.com/feichai0017/NoKV/txn_iterator.go:144.2,153.19 3 1
github.com/feichai0017/NoKV/txn_iterator.go:153.19,155.3 1 1
github.com/feichai0017/NoKV/txn_iterator.go:156.2,157.11 2 1
github.com/feichai0017/NoKV/txn_iterator.go:163.78,164.25 1 1
github.com/feichai0017/NoKV/txn_iterator.go:164.25,165.56 1 1
github.com/feichai0017/NoKV/txn_iterator.go:167.2,170.29 4 1
github.com/feichai0017/NoKV/txn_iterator.go:173.34,175.40 2 1
github.com/feichai0017/NoKV/txn_iterator.go:175.40,177.41 2 1
github.com/feichai0017/NoKV/txn_iterator.go:177.41,179.12 2 0
github.com/feichai0017/NoKV/txn_iterator.go:181.3,186.26 6 1
github.com/feichai0017/NoKV/txn_iterator.go:186.26,188.12 2 0
github.com/feichai0017/NoKV/txn_iterator.go:190.3,190.54 1 1
github.com/feichai0017/NoKV/txn_iterator.go:190.54,192.12 2 0
github.com/feichai0017/NoKV/txn_iterator.go:194.3,194.29 1 1
github.com/feichai0017/NoKV/txn_iterator.go:194.29,195.26 1 1
github.com/feichai0017/NoKV/txn_iterator.go:195.26,196.45 1 1
github.com/feichai0017/NoKV/txn_iterator.go:196.45,198.14 2 0
github.com/feichai0017/NoKV/txn_iterator.go:200.10,200.55 1 0
github.com/feichai0017/NoKV/txn_iterator.go:200.55,202.13 2 0
github.com/feichai0017/NoKV/txn_iterator.go:205.3,205.26 1 1
github.com/feichai0017/NoKV/txn_iterator.go:205.26,206.63 1 1
github.com/feichai0017/NoKV/txn_iterator.go:206.63,208.13 2 1
github.com/feichai0017/NoKV/txn_iterator.go:211.3,211.56 1 1
github.com/feichai0017/NoKV/txn_iterator.go:211.56,213.12 2 0
github.com/feichai0017/NoKV/txn_iterator.go:215.3,217.20 3 1
github.com/feichai0017/NoKV/txn_iterator.go:217.20,220.24 3 1
github.com/feichai0017/NoKV/txn_iterator.go:220.24,222.5 1 1
github.com/feichai0017/NoKV/txn_iterator.go:224.3,225.9 2 1
github.com/feichai0017/NoKV/txn_iterator.go:227.2,227.17 1 1
github.com/feichai0017/NoKV/txn_iterator.go:230.115,231.18 1 1
github.com/feichai0017/NoKV/txn_iterator.go:231.18,233.3 1 0
github.com/feichai0017/NoKV/txn_iterator.go:234.2,239.26 6 1
github.com/feichai0017/NoKV/txn_iterator.go:239.26,240.21 1 1
github.com/feichai0017/NoKV/txn_iterator.go:240.21,243.4 2 0
github.com/feichai0017/NoKV/txn_iterator.go:243.9,247.18 4 1
github.com/feichai0017/NoKV/txn_iterator.go:247.18,250.5 2 0
github.com/feichai0017/NoKV/txn_iterator.go:251.4,253.29 3 1
github.com/feichai0017/NoKV/txn_iterator.go:253.29,255.5 1 0
github.com/feichai0017/NoKV/txn_iterator.go:256.4,258.37 3 1
github.com/feichai0017/NoKV/txn_iterator.go:260.8,263.3 2 1
github.com/feichai0017/NoKV/txn_iterator.go:264.2,264.59 1 1
github.com/feichai0017/NoKV/txn_iterator.go:264.59,266.3 1 0
github.com/feichai0017/NoKV/txn_iterator.go:267.2,268.13 2 1
github.com/feichai0017/NoKV/txn_iterator.go:273.37,274.15 1 1
github.com/feichai0017/NoKV/txn_iterator.go:274.15,276.3 1 0
github.com/feichai0017/NoKV/txn_iterator.go:277.2,277.17 1 1
github.com/feichai0017/NoKV/txn_iterator.go:281.37,283.2 1 1
github.com/feichai0017/NoKV/txn_iterator.go:287.59,289.2 1 1
github.com/feichai0017/NoKV/txn_iterator.go:292.32,293.15 1 1
github.com/feichai0017/NoKV/txn_iterator.go:293.15,295.3 1 0
github.com/feichai0017/NoKV/txn_iterator.go:296.2,297.20 2 1
github.com/feichai0017/NoKV/txn_iterator.go:297.20,299.3 1 1
github.com/feichai0017/NoKV/txn_iterator.go:300.2,303.37 4 1
github.com/feichai0017/NoKV/txn_iterator.go:303.37,305.3 1 1
github.com/feichai0017/NoKV/txn_iterator.go:306.2,307.43 2 1
github.com/feichai0017/NoKV/txn_iterator.go:312.31,313.20 1 1
github.com/feichai0017/NoKV/txn_iterator.go:313.20,317.3 3 0
github.com/feichai0017/NoKV/txn_iterator.go:318.2,319.14 2 1
github.com/feichai0017/NoKV/txn_iterator.go:325.48,326.35 1 1
github.com/feichai0017/NoKV/txn_iterator.go:326.35,329.3 2 1
github.com/feichai0017/NoKV/txn_iterator.go:330.2,331.20 2 1
github.com/feichai0017/NoKV/txn_iterator.go:331.20,335.3 3 0
github.com/feichai0017/NoKV/txn_iterator.go:336.2,338.21 3 1
github.com/feichai0017/NoKV/txn_iterator.go:338.21,339.65 1 1
github.com/feichai0017/NoKV/txn_iterator.go:339.65,342.4 2 1
github.com/feichai0017/NoKV/txn_iterator.go:343.8,344.65 1 0
github.com/feichai0017/NoKV/txn_iterator.go:344.65,347.4 2 0
github.com/feichai0017/NoKV/txn_iterator.go:349.2,349.17 1 1
github.com/feichai0017/NoKV/txn_iterator.go:349.17,351.3 1 1
github.com/feichai0017/NoKV/txn_iterator.go:352.2,352.20 1 1
github.com/feichai0017/NoKV/txn_iterator.go:358.33,360.20 2 1
github.com/feichai0017/NoKV/txn_iterator.go:360.20,364.3 3 0
github.com/feichai0017/NoKV/txn_iterator.go:365.2,366.14 2 1
github.com/feichai0017/NoKV/vlog.go:36.51,37.28 1 1
github.com/feichai0017/NoKV/vlog.go:37.28,39.3 1 0
github.com/feichai0017/NoKV/vlog.go:40.2,41.42 2 1
github.com/feichai0017/NoKV/vlog.go:41.42,43.3 1 1
github.com/feichai0017/NoKV/vlog.go:44.2,44.25 1 1
github.com/feichai0017/NoKV/vlog.go:44.25,46.3 1 1
github.com/feichai0017/NoKV/vlog.go:49.56,50.46 1 1
github.com/feichai0017/NoKV/vlog.go:50.46,52.3 1 1
github.com/feichai0017/NoKV/vlog.go:53.2,53.34 1 0
github.com/feichai0017/NoKV/vlog.go:57.57,58.40 1 1
github.com/feichai0017/NoKV/vlog.go:58.40,60.3 1 0
github.com/feichai0017/NoKV/vlog.go:61.2,66.32 2 1
github.com/feichai0017/NoKV/vlog.go:66.32,68.3 1 1
github.com/feichai0017/NoKV/vlog.go:70.2,74.14 4 1
github.com/feichai0017/NoKV/vlog.go:77.82,78.60 1 1
github.com/feichai0017/NoKV/vlog.go:78.60,80.3 1 1
github.com/feichai0017/NoKV/vlog.go:81.2,82.46 2 1
github.com/feichai0017/NoKV/vlog.go:82.46,84.3 1 1
github.com/feichai0017/NoKV/vlog.go:85.2,90.32 2 1
github.com/feichai0017/NoKV/vlog.go:90.32,91.23 1 1
github.com/feichai0017/NoKV/vlog.go:91.23,93.4 1 0
github.com/feichai0017/NoKV/vlog.go:94.3,94.18 1 1
github.com/feichai0017/NoKV/vlog.go:94.18,95.34 1 1
github.com/feichai0017/NoKV/vlog.go:95.34,96.52 1 1
github.com/feichai0017/NoKV/vlog.go:96.52,98.14 2 0
github.com/feichai0017/NoKV/vlog.go:100.5,101.41 2 1
github.com/feichai0017/NoKV/vlog.go:103.4,103.12 1 1
github.com/feichai0017/NoKV/vlog.go:105.3,106.21 2 1
github.com/feichai0017/NoKV/vlog.go:106.21,108.4 1 0
github.com/feichai0017/NoKV/vlog.go:109.3,109.33 1 1
github.com/feichai0017/NoKV/vlog.go:109.33,111.12 2 1
github.com/feichai0017/NoKV/vlog.go:113.3,113.93 1 0
github.com/feichai0017/NoKV/vlog.go:115.2,115.15 1 1
github.com/feichai0017/NoKV/vlog.go:115.15,117.3 1 1
github.com/feichai0017/NoKV/vlog.go:118.2,119.28 2 1
github.com/feichai0017/NoKV/vlog.go:119.28,120.23 1 1
github.com/feichai0017/NoKV/vlog.go:120.23,121.12 1 0
github.com/feichai0017/NoKV/vlog.go:123.3,123.50 1 1
github.com/feichai0017/NoKV/vlog.go:123.50,125.12 2 0
github.com/feichai0017/NoKV/vlog.go:127.3,128.96 2 1
github.com/feichai0017/NoKV/vlog.go:132.60,133.57 1 0
github.com/feichai0017/NoKV/vlog.go:133.57,135.3 1 0
github.com/feichai0017/NoKV/vlog.go:136.2,141.19 3 0
github.com/feichai0017/NoKV/vlog.go:141.19,143.3 1 0
github.com/feichai0017/NoKV/vlog.go:144.2,144.59 1 0
github.com/feichai0017/NoKV/vlog.go:144.59,146.3 1 0
github.com/feichai0017/NoKV/vlog.go:147.2,147.49 1 0
github.com/feichai0017/NoKV/vlog.go:147.49,148.14 1 0
github.com/feichai0017/NoKV/vlog.go:148.14,149.77 1 0
github.com/feichai0017/NoKV/vlog.go:149.77,151.5 1 0
github.com/feichai0017/NoKV/vlog.go:153.3,153.59 1 0
github.com/feichai0017/NoKV/vlog.go:155.2,156.12 2 0
github.com/feichai0017/NoKV/vlog.go:159.70,164.15 5 1
github.com/feichai0017/NoKV/vlog.go:164.15,167.3 2 1
github.com/feichai0017/NoKV/vlog.go:169.2,169.52 1 1
github.com/feichai0017/NoKV/vlog.go:169.52,171.3 1 0
github.com/feichai0017/NoKV/vlog.go:172.2,172.24 1 1
github.com/feichai0017/NoKV/vlog.go:172.24,174.3 1 0
github.com/feichai0017/NoKV/vlog.go:175.2,176.17 2 1
github.com/feichai0017/NoKV/vlog.go:179.74,180.21 1 1
github.com/feichai0017/NoKV/vlog.go:180.21,181.50 1 1
github.com/feichai0017/NoKV/vlog.go:181.50,181.64 1 1
github.com/feichai0017/NoKV/vlog.go:183.2,187.20 4 1
github.com/feichai0017/NoKV/vlog.go:187.20,189.3 1 0
github.com/feichai0017/NoKV/vlog.go:190.2,195.27 5 1
github.com/feichai0017/NoKV/vlog.go:195.27,197.21 2 1
github.com/feichai0017/NoKV/vlog.go:197.21,199.4 1 1
github.com/feichai0017/NoKV/vlog.go:200.3,202.81 3 1
github.com/feichai0017/NoKV/vlog.go:202.81,203.38 1 0
github.com/feichai0017/NoKV/vlog.go:203.38,204.68 1 0
github.com/feichai0017/NoKV/vlog.go:204.68,206.6 1 0
github.com/feichai0017/NoKV/vlog.go:207.5,207.13 1 0
github.com/feichai0017/NoKV/vlog.go:209.4,209.14 1 0
github.com/feichai0017/NoKV/vlog.go:211.3,213.23 2 1
github.com/feichai0017/NoKV/vlog.go:213.23,214.56 1 0
github.com/feichai0017/NoKV/vlog.go:214.56,216.5 1 0
github.com/feichai0017/NoKV/vlog.go:220.2,221.52 2 1
github.com/feichai0017/NoKV/vlog.go:221.52,223.3 1 1
github.com/feichai0017/NoKV/vlog.go:224.2,224.52 1 1
github.com/feichai0017/NoKV/vlog.go:224.52,225.34 1 1
github.com/feichai0017/NoKV/vlog.go:225.34,227.4 1 0
github.com/feichai0017/NoKV/vlog.go:229.2,229.12 1 1
github.com/feichai0017/NoKV/vlog.go:232.69,234.16 2 1
github.com/feichai0017/NoKV/vlog.go:234.16,236.3 1 0
github.com/feichai0017/NoKV/vlog.go:237.2,238.16 2 1
github.com/feichai0017/NoKV/vlog.go:238.16,241.3 2 0
github.com/feichai0017/NoKV/vlog.go:242.2,242.25 1 1
github.com/feichai0017/NoKV/vlog.go:245.52,247.48 2 1
github.com/feichai0017/NoKV/vlog.go:247.48,248.28 1 1
github.com/feichai0017/NoKV/vlog.go:248.28,250.4 1 1
github.com/feichai0017/NoKV/vlog.go:251.3,251.63 1 1
github.com/feichai0017/NoKV/vlog.go:251.63,253.4 1 0
github.com/feichai0017/NoKV/vlog.go:254.3,254.13 1 1
github.com/feichai0017/NoKV/vlog.go:257.2,258.27 2 1
github.com/feichai0017/NoKV/vlog.go:258.27,261.33 3 1
github.com/feichai0017/NoKV/vlog.go:261.33,262.41 1 1
github.com/feichai0017/NoKV/vlog.go:262.41,265.5 2 1
github.com/feichai0017/NoKV/vlog.go:268.3,269.17 2 1
github.com/feichai0017/NoKV/vlog.go:269.17,271.4 1 1
github.com/feichai0017/NoKV/vlog.go:272.3,272.39 1 1
github.com/feichai0017/NoKV/vlog.go:274.2,274.55 1 1
github.com/feichai0017/NoKV/vlog.go:274.55,277.28 3 1
github.com/feichai0017/NoKV/vlog.go:277.28,278.33 1 1
github.com/feichai0017/NoKV/vlog.go:278.33,279.21 1 1
github.com/feichai0017/NoKV/vlog.go:279.21,280.14 1 0
github.com/feichai0017/NoKV/vlog.go:282.5,282.35 1 1
github.com/feichai0017/NoKV/vlog.go:282.35,283.14 1 0
github.com/feichai0017/NoKV/vlog.go:285.5,286.33 2 1
github.com/feichai0017/NoKV/vlog.go:289.3,289.53 1 1
github.com/feichai0017/NoKV/vlog.go:289.53,291.4 1 0
github.com/feichai0017/NoKV/vlog.go:293.2,293.12 1 1
github.com/feichai0017/NoKV/vlog.go:296.37,297.35 1 1
github.com/feichai0017/NoKV/vlog.go:297.35,299.3 1 0
github.com/feichai0017/NoKV/vlog.go:300.2,301.29 2 1
github.com/feichai0017/NoKV/vlog.go:304.26,317.20 7 1
github.com/feichai0017/NoKV/vlog.go:317.20,319.3 1 1
github.com/feichai0017/NoKV/vlog.go:321.2,338.15 5 1
github.com/feichai0017/NoKV/vlog.go:338.15,340.3 1 1
github.com/feichai0017/NoKV/vlog.go:340.8,342.3 1 0
github.com/feichai0017/NoKV/vlog.go:343.2,343.43 1 1
github.com/feichai0017/NoKV/vlog.go:343.43,345.3 1 0
github.com/feichai0017/NoKV/vlog.go:346.2,346.16 1 1
github.com/feichai0017/NoKV/vlog.go:349.48,351.9 2 1
github.com/feichai0017/NoKV/vlog.go:351.9,354.3 2 1
github.com/feichai0017/NoKV/vlog.go:355.2,356.33 2 1
github.com/feichai0017/NoKV/vlog.go:359.46,364.38 2 1
github.com/feichai0017/NoKV/vlog.go:364.38,366.18 2 1
github.com/feichai0017/NoKV/vlog.go:366.18,369.9 3 1
github.com/feichai0017/NoKV/vlog.go:372.2,372.28 1 1
github.com/feichai0017/NoKV/vlog.go:372.28,374.3 1 0
github.com/feichai0017/NoKV/vlog.go:376.2,376.46 1 1
github.com/feichai0017/NoKV/vlog.go:376.46,378.3 1 0
github.com/feichai0017/NoKV/vlog.go:379.2,380.19 2 1
github.com/feichai0017/NoKV/vlog.go:380.19,382.3 1 0
github.com/feichai0017/NoKV/vlog.go:384.2,385.44 2 1
github.com/feichai0017/NoKV/vlog.go:385.44,387.3 1 0
github.com/feichai0017/NoKV/vlog.go:388.2,389.33 2 1
github.com/feichai0017/NoKV/vlog.go:389.33,391.3 1 1
github.com/feichai0017/NoKV/vlog.go:392.2,392.53 1 1
github.com/feichai0017/NoKV/vlog.go:392.53,395.3 2 0
github.com/feichai0017/NoKV/vlog.go:396.2,397.27 2 1
github.com/feichai0017/NoKV/vlog.go:400.57,401.47 1 1
github.com/feichai0017/NoKV/vlog.go:401.47,403.3 1 0
github.com/feichai0017/NoKV/vlog.go:404.2,404.26 1 1
github.com/feichai0017/NoKV/vlog.go:404.26,406.3 1 0
github.com/feichai0017/NoKV/vlog.go:407.2,408.19 2 1
github.com/feichai0017/NoKV/vlog.go:408.19,410.3 1 1
github.com/feichai0017/NoKV/vlog.go:411.2,411.26 1 1
github.com/feichai0017/NoKV/vlog.go:411.26,413.3 1 1
github.com/feichai0017/NoKV/vlog.go:414.2,414.31 1 1
github.com/feichai0017/NoKV/vlog.go:414.31,416.3 1 0
github.com/feichai0017/NoKV/vlog.go:417.2,417.48 1 1
github.com/feichai0017/NoKV/vlog.go:417.48,419.3 1 0
github.com/feichai0017/NoKV/vlog.go:420.2,420.14 1 1
github.com/feichai0017/NoKV/vlog.go:423.103,425.16 2 1
github.com/feichai0017/NoKV/vlog.go:425.16,427.3 1 0
github.com/feichai0017/NoKV/vlog.go:428.2,429.16 2 1
github.com/feichai0017/NoKV/vlog.go:429.16,431.3 1 0
github.com/feichai0017/NoKV/vlog.go:432.2,432.30 1 1
github.com/feichai0017/NoKV/vlog.go:432.30,434.3 1 1
github.com/feichai0017/NoKV/vlog.go:436.2,436.48 1 0
github.com/feichai0017/NoKV/vlog.go:436.48,437.16 1 0
github.com/feichai0017/NoKV/vlog.go:437.16,439.4 1 0
github.com/feichai0017/NoKV/vlog.go:440.3,440.44 1 0
github.com/feichai0017/NoKV/vlog.go:443.2,444.69 2 0
github.com/feichai0017/NoKV/vlog.go:444.69,446.3 1 0
github.com/feichai0017/NoKV/vlog.go:447.2,447.12 1 0
github.com/feichai0017/NoKV/vlog_gc.go:28.43,31.73 2 1
github.com/feichai0017/NoKV/vlog_gc.go:31.73,34.33 3 1
github.com/feichai0017/NoKV/vlog_gc.go:34.33,37.4 2 0
github.com/feichai0017/NoKV/vlog_gc.go:39.3,40.21 2 1
github.com/feichai0017/NoKV/vlog_gc.go:40.21,42.4 1 0
github.com/feichai0017/NoKV/vlog_gc.go:44.3,44.66 1 1
github.com/feichai0017/NoKV/vlog_gc.go:44.66,46.4 1 1
github.com/feichai0017/NoKV/vlog_gc.go:47.3,47.49 1 1
github.com/feichai0017/NoKV/vlog_gc.go:47.49,49.4 1 1
github.com/feichai0017/NoKV/vlog_gc.go:51.3,52.17 2 0
github.com/feichai0017/NoKV/vlog_gc.go:52.17,54.4 1 0
github.com/feichai0017/NoKV/vlog_gc.go:55.3,56.24 2 0
github.com/feichai0017/NoKV/vlog_gc.go:59.2,59.60 1 1
github.com/feichai0017/NoKV/vlog_gc.go:59.60,61.37 2 1
github.com/feichai0017/NoKV/vlog_gc.go:61.37,63.4 1 1
github.com/feichai0017/NoKV/vlog_gc.go:65.3,70.17 3 0
github.com/feichai0017/NoKV/vlog_gc.go:70.17,72.4 1 0
github.com/feichai0017/NoKV/vlog_gc.go:73.3,73.20 1 0
github.com/feichai0017/NoKV/vlog_gc.go:76.2,77.6 2 1
github.com/feichai0017/NoKV/vlog_gc.go:77.6,78.10 1 1
github.com/feichai0017/NoKV/vlog_gc.go:79.29,80.8 1 1
github.com/feichai0017/NoKV/vlog_gc.go:80.8,81.12 1 1
github.com/feichai0017/NoKV/vlog_gc.go:82.51,83.50 1 0
github.com/feichai0017/NoKV/vlog_gc.go:83.50,85.7 1 0
github.com/feichai0017/NoKV/vlog_gc.go:86.13,87.24 1 1
github.com/feichai0017/NoKV/vlog_gc.go:91.4,91.45 1 1
github.com/feichai0017/NoKV/vlog_gc.go:91.45,93.5 1 0
github.com/feichai0017/NoKV/vlog_gc.go:94.4,94.10 1 1
github.com/feichai0017/NoKV/vlog_gc.go:95.49,96.48 1 1
github.com/feichai0017/NoKV/vlog_gc.go:96.48,98.5 1 0
github.com/feichai0017/NoKV/vlog_gc.go:103.76,104.9 1 1
github.com/feichai0017/NoKV/vlog_gc.go:105.36,106.16 1 1
github.com/feichai0017/NoKV/vlog_gc.go:106.16,108.4 1 1
github.com/feichai0017/NoKV/vlog_gc.go:110.3,111.22 2 1
github.com/feichai0017/NoKV/vlog_gc.go:111.22,113.4 1 1
github.com/feichai0017/NoKV/vlog_gc.go:114.3,115.29 2 1
github.com/feichai0017/NoKV/vlog_gc.go:115.29,116.35 1 1
github.com/feichai0017/NoKV/vlog_gc.go:116.35,117.13 1 0
github.com/feichai0017/NoKV/vlog_gc.go:119.4,120.58 2 1
github.com/feichai0017/NoKV/vlog_gc.go:120.58,122.5 1 0
github.com/feichai0017/NoKV/vlog_gc.go:122.10,122.40 1 1
github.com/feichai0017/NoKV/vlog_gc.go:122.40,124.5 1 1
github.com/feichai0017/NoKV/vlog_gc.go:126.3,126.28 1 0
github.com/feichai0017/NoKV/vlog_gc.go:127.10,128.27 1 0
github.com/feichai0017/NoKV/vlog_gc.go:132.77,133.15 1 1
github.com/feichai0017/NoKV/vlog_gc.go:133.15,134.17 1 1
github.com/feichai0017/NoKV/vlog_gc.go:134.17,138.4 3 0
github.com/feichai0017/NoKV/vlog_gc.go:141.2,148.96 3 1
github.com/feichai0017/NoKV/vlog_gc.go:148.96,149.41 1 1
github.com/feichai0017/NoKV/vlog_gc.go:149.41,151.4 1 0
github.com/feichai0017/NoKV/vlog_gc.go:152.3,152.34 1 1
github.com/feichai0017/NoKV/vlog_gc.go:152.34,154.4 1 0
github.com/feichai0017/NoKV/vlog_gc.go:155.3,156.24 2 1
github.com/feichai0017/NoKV/vlog_gc.go:156.24,158.4 1 0
github.com/feichai0017/NoKV/vlog_gc.go:159.3,160.17 2 1
github.com/feichai0017/NoKV/vlog_gc.go:160.17,161.41 1 0
github.com/feichai0017/NoKV/vlog_gc.go:161.41,163.5 1 0
github.com/feichai0017/NoKV/vlog_gc.go:164.4,164.21 1 0
github.com/feichai0017/NoKV/vlog_gc.go:166.3,166.32 1 1
github.com/feichai0017/NoKV/vlog_gc.go:166.32,168.4 1 0
github.com/feichai0017/NoKV/vlog_gc.go:170.3,170.28 1 1
github.com/feichai0017/NoKV/vlog_gc.go:170.28,172.4 1 0
github.com/feichai0017/NoKV/vlog_gc.go:173.3,176.71 3 1
github.com/feichai0017/NoKV/vlog_gc.go:176.71,178.4 1 1
github.com/feichai0017/NoKV/vlog_gc.go:179.3,179.20 1 0
github.com/feichai0017/NoKV/vlog_gc.go:181.2,181.40 1 1
github.com/feichai0017/NoKV/vlog_gc.go:181.40,183.82 1 0
github.com/feichai0017/NoKV/vlog_gc.go:183.82,185.4 1 0
github.com/feichai0017/NoKV/vlog_gc.go:186.3,186.13 1 0
github.com/feichai0017/NoKV/vlog_gc.go:188.2,188.18 1 1
github.com/feichai0017/NoKV/vlog_gc.go:188.18,190.3 1 0
github.com/feichai0017/NoKV/vlog_gc.go:192.2,195.21 3 1
github.com/feichai0017/NoKV/vlog_gc.go:195.21,197.3 1 0
github.com/feichai0017/NoKV/vlog_gc.go:198.2,198.125 1 1
github.com/feichai0017/NoKV/vlog_gc.go:198.125,200.3 1 0
github.com/feichai0017/NoKV/vlog_gc.go:202.2,202.41 1 1
github.com/feichai0017/NoKV/vlog_gc.go:202.41,204.3 1 1
github.com/feichai0017/NoKV/vlog_gc.go:205.2,206.12 2 0
github.com/feichai0017/NoKV/vlog_gc.go:209.49,216.55 5 1
github.com/feichai0017/NoKV/vlog_gc.go:216.55,217.34 1 1
github.com/feichai0017/NoKV/vlog_gc.go:217.34,219.4 1 0
github.com/feichai0017/NoKV/vlog_gc.go:220.3,221.17 2 1
github.com/feichai0017/NoKV/vlog_gc.go:221.17,224.44 1 0
github.com/feichai0017/NoKV/vlog_gc.go:224.44,226.5 1 0
github.com/feichai0017/NoKV/vlog_gc.go:226.10,226.48 1 0
github.com/feichai0017/NoKV/vlog_gc.go:226.48,228.5 1 0
github.com/feichai0017/NoKV/vlog_gc.go:228.10,230.5 1 0
github.com/feichai0017/NoKV/vlog_gc.go:232.3,232.32 1 1
github.com/feichai0017/NoKV/vlog_gc.go:232.32,234.4 1 0
github.com/feichai0017/NoKV/vlog_gc.go:236.3,236.28 1 1
github.com/feichai0017/NoKV/vlog_gc.go:236.28,238.4 1 0
github.com/feichai0017/NoKV/vlog_gc.go:240.3,243.76 3 1
github.com/feichai0017/NoKV/vlog_gc.go:243.76,245.4 1 0
github.com/feichai0017/NoKV/vlog_gc.go:247.3,256.85 9 1
github.com/feichai0017/NoKV/vlog_gc.go:256.85,257.47 1 1
github.com/feichai0017/NoKV/vlog_gc.go:257.47,259.5 1 0
github.com/feichai0017/NoKV/vlog_gc.go:260.4,261.15 2 1
github.com/feichai0017/NoKV/vlog_gc.go:263.3,265.13 3 1
github.com/feichai0017/NoKV/vlog_gc.go:268.2,268.85 1 1
github.com/feichai0017/NoKV/vlog_gc.go:268.85,270.3 1 1
github.com/feichai0017/NoKV/vlog_gc.go:270.41,272.3 1 0
github.com/feichai0017/NoKV/vlog_gc.go:274.2,275.27 2 1
github.com/feichai0017/NoKV/vlog_gc.go:275.27,277.53 2 1
github.com/feichai0017/NoKV/vlog_gc.go:277.53,278.33 1 0
github.com/feichai0017/NoKV/vlog_gc.go:278.33,279.23 1 0
github.com/feichai0017/NoKV/vlog_gc.go:279.23,281.6 1 0
github.com/feichai0017/NoKV/vlog_gc.go:282.5,283.13 2 0
github.com/feichai0017/NoKV/vlog_gc.go:285.4,285.14 1 0
github.com/feichai0017/NoKV/vlog_gc.go:287.3,287.17 1 1
github.com/feichai0017/NoKV/vlog_gc.go:289.2,289.17 1 1
github.com/feichai0017/NoKV/vlog_gc.go:289.17,291.54 2 1
github.com/feichai0017/NoKV/vlog_gc.go:291.54,294.4 2 0
github.com/feichai0017/NoKV/vlog_gc.go:294.9,296.4 1 1
github.com/feichai0017/NoKV/vlog_gc.go:299.2,301.31 3 0
github.com/feichai0017/NoKV/vlog_gc.go:301.31,303.3 1 0
github.com/feichai0017/NoKV/vlog_gc.go:303.8,305.3 1 0
github.com/feichai0017/NoKV/vlog_gc.go:306.2,308.15 2 0
github.com/feichai0017/NoKV/vlog_gc.go:308.15,309.54 1 0
github.com/feichai0017/NoKV/vlog_gc.go:309.54,311.4 1 0
github.com/feichai0017/NoKV/vlog_gc.go:313.2,313.12 1 0
github.com/feichai0017/NoKV/vlog_gc.go:316.43,318.2 1 0
github.com/feichai0017/NoKV/vlog_gc.go:320.68,324.37 3 1
github.com/feichai0017/NoKV/vlog_gc.go:324.37,328.3 3 1
github.com/feichai0017/NoKV/vlog_gc.go:330.2,331.44 2 0
github.com/feichai0017/NoKV/vlog_gc.go:331.44,333.3 1 0
github.com/feichai0017/NoKV/vlog_gc.go:335.2,336.27 2 0
github.com/feichai0017/NoKV/vlog_gc.go:336.27,337.33 1 0
github.com/feichai0017/NoKV/vlog_gc.go:337.33,338.12 1 0
github.com/feichai0017/NoKV/vlog_gc.go:340.3,340.25 1 0
github.com/feichai0017/NoKV/vlog_gc.go:342.2,342.12 1 0
github.com/feichai0017/NoKV/vlog_gc.go:345.67,347.20 2 1
github.com/feichai0017/NoKV/vlog_gc.go:347.20,349.3 1 1
github.com/feichai0017/NoKV/vlog_gc.go:350.2,351.20 2 1
github.com/feichai0017/NoKV/vlog_gc.go:351.20,353.3 1 0
github.com/feichai0017/NoKV/vlog_gc.go:355.2,362.27 4 1
github.com/feichai0017/NoKV/vlog_gc.go:362.27,363.42 1 1
github.com/feichai0017/NoKV/vlog_gc.go:363.42,364.9 1 1
github.com/feichai0017/NoKV/vlog_gc.go:366.3,366.53 1 0
github.com/feichai0017/NoKV/vlog_gc.go:366.53,369.4 2 0
github.com/feichai0017/NoKV/vlog_gc.go:371.2,373.37 2 1
github.com/feichai0017/NoKV/vlog_gc.go:373.37,375.3 1 0
github.com/feichai0017/NoKV/vlog_gc.go:377.2,378.27 2 1
github.com/feichai0017/NoKV/vlog_gc.go:378.27,379.22 1 1
github.com/feichai0017/NoKV/vlog_gc.go:379.22,381.9 2 1
github.com/feichai0017/NoKV/vlog_gc.go:383.3,383.21 1 0
github.com/feichai0017/NoKV/vlog_gc.go:383.21,385.9 2 0
github.com/feichai0017/NoKV/vlog_gc.go:388.2,388.18 1 1
github.com/feichai0017/NoKV/vlog_gc.go:388.18,390.3 1 1
github.com/feichai0017/NoKV/vlog_gc.go:391.2,392.13 2 1
github.com/feichai0017/NoKV/vlog_gc.go:392.13,394.3 1 0
github.com/feichai0017/NoKV/vlog_gc.go:395.2,396.14 2 1
github.com/feichai0017/NoKV/vlog_gc.go:399.52,402.16 3 1
github.com/feichai0017/NoKV/vlog_gc.go:402.16,404.3 1 1
github.com/feichai0017/NoKV/vlog_gc.go:405.2,405.40 1 0
github.com/feichai0017/NoKV/vlog_gc.go:405.40,407.3 1 0
github.com/feichai0017/NoKV/vlog_gc.go:408.2,409.23 2 0
github.com/feichai0017/NoKV/vlog_gc.go:409.23,415.17 6 0
github.com/feichai0017/NoKV/vlog_gc.go:415.17,417.4 1 0
github.com/feichai0017/NoKV/vlog_gc.go:419.2,419.19 1 0
github.com/feichai0017/NoKV/vlog_gc.go:419.19,421.3 1 0
github.com/feichai0017/NoKV/vlog_gc.go:422.2,422.55 1 0
github.com/feichai0017/NoKV/vlog_gc.go:422.55,424.3 1 0
github.com/feichai0017/NoKV/vlog_gc.go:425.2,427.12 3 0
github.com/feichai0017/NoKV/vlog_gc.go:430.51,432.12 2 1
github.com/feichai0017/NoKV/vlog_gc.go:432.12,434.3 1 1
github.com/feichai0017/NoKV/vlog_gc.go:435.2,435.10 1 0
github.com/feichai0017/NoKV/vlog_gc.go:438.52,440.12 2 1
github.com/feichai0017/NoKV/vlog_gc.go:440.12,442.3 1 1
github.com/feichai0017/NoKV/vlog_gc.go:443.2,443.10 1 0
github.com/feichai0017/NoKV/write_request.go:21.18,21.41 1 1
github.com/feichai0017/NoKV/write_request.go:24.29,31.2 6 1
github.com/feichai0017/NoKV/write_request.go:33.31,35.2 1 1
github.com/feichai0017/NoKV/write_request.go:37.54,38.37 1 1
github.com/feichai0017/NoKV/write_request.go:38.37,40.3 1 1
github.com/feichai0017/NoKV/write_request.go:40.8,42.3 1 0
github.com/feichai0017/NoKV/write_request.go:43.2,43.28 1 1
github.com/feichai0017/NoKV/write_request.go:46.31,48.14 2 1
github.com/feichai0017/NoKV/write_request.go:48.14,50.3 1 0
github.com/feichai0017/NoKV/write_request.go:51.2,51.32 1 1
github.com/feichai0017/NoKV/write_request.go:51.32,53.3 1 1
github.com/feichai0017/NoKV/write_request.go:54.2,56.22 3 1
github.com/feichai0017/NoKV/write_request.go:59.34,64.2 4 1
github.com/feichai0017/NoKV/hotring/hotring.go:37.49,38.28 1 1
github.com/feichai0017/NoKV/hotring/hotring.go:38.28,40.3 1 0
github.com/feichai0017/NoKV/hotring/hotring.go:41.2,41.15 1 1
github.com/feichai0017/NoKV/hotring/hotring.go:41.15,43.3 1 1
github.com/feichai0017/NoKV/hotring/hotring.go:44.2,50.3 3 1
github.com/feichai0017/NoKV/hotring/hotring.go:56.78,57.37 1 1
github.com/feichai0017/NoKV/hotring/hotring.go:57.37,61.3 3 0
github.com/feichai0017/NoKV/hotring/hotring.go:62.2,63.51 2 1
github.com/feichai0017/NoKV/hotring/hotring.go:68.69,70.33 2 1
github.com/feichai0017/NoKV/hotring/hotring.go:70.33,72.3 1 0
github.com/feichai0017/NoKV/hotring/hotring.go:73.2,79.39 6 1
github.com/feichai0017/NoKV/hotring/hotring.go:83.27,85.2 1 1
github.com/feichai0017/NoKV/hotring/hotring.go:87.37,89.2 1 1
github.com/feichai0017/NoKV/hotring/hotring.go:91.31,94.17 3 1
github.com/feichai0017/NoKV/hotring/hotring.go:94.17,97.3 2 1
github.com/feichai0017/NoKV/hotring/hotring.go:98.2,99.17 2 1
github.com/feichai0017/NoKV/hotring/hotring.go:99.17,101.3 1 1
github.com/feichai0017/NoKV/hotring/hotring.go:104.89,106.15 2 1
github.com/feichai0017/NoKV/hotring/hotring.go:106.15,109.3 2 1
github.com/feichai0017/NoKV/hotring/hotring.go:110.2,110.6 1 1
github.com/feichai0017/NoKV/hotring/hotring.go:110.6,111.10 1 1
github.com/feichai0017/NoKV/hotring/hotring.go:112.19,113.23 1 1
github.com/feichai0017/NoKV/hotring/hotring.go:114.15,115.10 1 1
github.com/feichai0017/NoKV/hotring/hotring.go:120.44,121.16 1 1
github.com/feichai0017/NoKV/hotring/hotring.go:121.16,123.3 1 0
github.com/feichai0017/NoKV/hotring/hotring.go:124.2,124.27 1 1
github.com/feichai0017/NoKV/hotring/hotring.go:124.27,125.68 1 1
github.com/feichai0017/NoKV/hotring/hotring.go:125.68,127.4 1 1
github.com/feichai0017/NoKV/hotring/hotring.go:131.55,134.32 3 1
github.com/feichai0017/NoKV/hotring/hotring.go:134.32,136.3 1 1
github.com/feichai0017/NoKV/hotring/hotring.go:137.2,137.47 1 1
github.com/feichai0017/NoKV/hotring/hotring.go:140.70,141.17 1 1
github.com/feichai0017/NoKV/hotring/hotring.go:141.17,143.3 1 1
github.com/feichai0017/NoKV/hotring/hotring.go:144.2,144.15 1 1
github.com/feichai0017/NoKV/hotring/hotring.go:144.15,146.3 1 1
github.com/feichai0017/NoKV/hotring/hotring.go:147.2,147.26 1 1
github.com/feichai0017/NoKV/hotring/hotring.go:150.74,151.17 1 1
github.com/feichai0017/NoKV/hotring/hotring.go:151.17,153.3 1 0
github.com/feichai0017/NoKV/hotring/hotring.go:154.2,155.15 2 1
github.com/feichai0017/NoKV/hotring/hotring.go:155.15,157.3 1 1
github.com/feichai0017/NoKV/hotring/hotring.go:158.2,158.26 1 1
github.com/feichai0017/NoKV/hotring/hotring.go:162.43,163.27 1 1
github.com/feichai0017/NoKV/hotring/hotring.go:163.27,165.3 1 0
github.com/feichai0017/NoKV/hotring/hotring.go:166.2,170.17 5 1
github.com/feichai0017/NoKV/hotring/hotring.go:170.17,172.3 1 0
github.com/feichai0017/NoKV/hotring/hotring.go:173.2,173.28 1 1
[...]
github.com/feichai0017/NoKV/vlog/manager.go:361.16,363.4 1 1
github.com/feichai0017/NoKV/vlog/manager.go:364.3,366.16 2 1
github.com/feichai0017/NoKV/vlog/manager.go:366.16,367.12 1 1
github.com/feichai0017/NoKV/vlog/manager.go:369.3,369.50 1 1
github.com/feichai0017/NoKV/vlog/manager.go:369.50,372.4 2 0
github.com/feichai0017/NoKV/vlog/manager.go:373.3,375.17 3 1
github.com/feichai0017/NoKV/vlog/manager.go:375.17,377.4 1 0
github.com/feichai0017/NoKV/vlog/manager.go:379.2,379.12 1 1
github.com/feichai0017/NoKV/vlog/manager.go:383.58,385.16 2 1
github.com/feichai0017/NoKV/vlog/manager.go:385.16,387.3 1 1
github.com/feichai0017/NoKV/vlog/manager.go:388.2,388.23 1 1
github.com/feichai0017/NoKV/vlog/manager.go:392.49,394.16 2 1
github.com/feichai0017/NoKV/vlog/manager.go:394.16,396.3 1 0
github.com/feichai0017/NoKV/vlog/manager.go:397.2,397.18 1 1
github.com/feichai0017/NoKV/vlog/manager.go:403.54,405.16 2 1
github.com/feichai0017/NoKV/vlog/manager.go:405.16,407.3 1 0
github.com/feichai0017/NoKV/vlog/manager.go:408.2,410.23 3 1
github.com/feichai0017/NoKV/vlog/manager.go:414.68,416.16 2 1
github.com/feichai0017/NoKV/vlog/manager.go:416.16,418.3 1 0
github.com/feichai0017/NoKV/vlog/manager.go:419.2,421.35 3 1
github.com/feichai0017/NoKV/vlog/manager.go:428.49,438.31 3 1
github.com/feichai0017/NoKV/vlog/manager.go:438.31,439.20 1 1
github.com/feichai0017/NoKV/vlog/manager.go:439.20,445.4 2 1
github.com/feichai0017/NoKV/vlog/manager.go:447.2,448.8 2 1
github.com/feichai0017/NoKV/vlog/manager.go:448.8,454.3 5 1
github.com/feichai0017/NoKV/vlog/manager.go:455.2,457.9 2 1
github.com/feichai0017/NoKV/vlog/manager.go:457.9,459.3 1 0
github.com/feichai0017/NoKV/vlog/manager.go:461.2,462.45 2 1
github.com/feichai0017/NoKV/vlog/manager.go:462.45,464.3 1 0
github.com/feichai0017/NoKV/vlog/manager.go:465.2,465.29 1 1
github.com/feichai0017/NoKV/vlog/manager.go:465.29,467.60 2 1
github.com/feichai0017/NoKV/vlog/manager.go:467.60,469.4 1 0
github.com/feichai0017/NoKV/vlog/manager.go:470.3,471.65 2 1
github.com/feichai0017/NoKV/vlog/manager.go:471.65,473.4 1 0
github.com/feichai0017/NoKV/vlog/manager.go:476.2,477.78 2 1
github.com/feichai0017/NoKV/vlog/manager.go:477.78,479.3 1 0
github.com/feichai0017/NoKV/vlog/manager.go:480.2,480.57 1 1
github.com/feichai0017/NoKV/vlog/manager.go:480.57,482.3 1 0
github.com/feichai0017/NoKV/vlog/manager.go:483.2,485.17 2 1
github.com/feichai0017/NoKV/vlog/manager.go:488.33,492.31 4 1
github.com/feichai0017/NoKV/vlog/manager.go:492.31,493.55 1 1
github.com/feichai0017/NoKV/vlog/manager.go:493.55,495.4 1 0
github.com/feichai0017/NoKV/vlog/manager.go:496.3,496.23 1 1
github.com/feichai0017/NoKV/vlog/manager.go:498.2,501.17 4 1
github.com/feichai0017/NoKV/vlog/manager.go:504.39,508.27 4 1
github.com/feichai0017/NoKV/vlog/manager.go:508.27,510.3 1 1
github.com/feichai0017/NoKV/vlog/manager.go:511.2,512.13 2 1
github.com/feichai0017/NoKV/wal/manager.go:50.60,51.14 1 1
github.com/feichai0017/NoKV/wal/manager.go:51.14,53.3 1 0
github.com/feichai0017/NoKV/wal/manager.go:54.2,54.17 1 1
github.com/feichai0017/NoKV/wal/manager.go:55.23,56.14 1 1
github.com/feichai0017/NoKV/wal/manager.go:57.27,58.18 1 1
github.com/feichai0017/NoKV/wal/manager.go:59.27,60.17 1 0
github.com/feichai0017/NoKV/wal/manager.go:61.30,62.20 1 0
github.com/feichai0017/NoKV/wal/manager.go:63.10,64.12 1 0
github.com/feichai0017/NoKV/wal/manager.go:86.41,87.19 1 1
github.com/feichai0017/NoKV/wal/manager.go:87.19,89.3 1 0
github.com/feichai0017/NoKV/wal/manager.go:90.2,90.58 1 1
github.com/feichai0017/NoKV/wal/manager.go:90.58,92.3 1 0
github.com/feichai0017/NoKV/wal/manager.go:93.2,93.23 1 1
github.com/feichai0017/NoKV/wal/manager.go:93.23,95.3 1 1
github.com/feichai0017/NoKV/wal/manager.go:96.2,97.18 2 1
github.com/feichai0017/NoKV/wal/manager.go:97.18,99.3 1 1
github.com/feichai0017/NoKV/wal/manager.go:100.2,100.30 1 1
github.com/feichai0017/NoKV/wal/manager.go:100.30,102.3 1 1
github.com/feichai0017/NoKV/wal/manager.go:104.2,105.18 2 1
github.com/feichai0017/NoKV/wal/manager.go:105.18,107.3 1 1
github.com/feichai0017/NoKV/wal/manager.go:109.2,115.46 2 1
github.com/feichai0017/NoKV/wal/manager.go:115.46,117.3 1 0
github.com/feichai0017/NoKV/wal/manager.go:118.2,118.48 1 1
github.com/feichai0017/NoKV/wal/manager.go:118.48,120.3 1 0
github.com/feichai0017/NoKV/wal/manager.go:121.2,121.15 1 1
github.com/feichai0017/NoKV/wal/manager.go:124.45,126.16 2 1
github.com/feichai0017/NoKV/wal/manager.go:126.16,128.3 1 0
github.com/feichai0017/NoKV/wal/manager.go:129.2,130.26 2 1
github.com/feichai0017/NoKV/wal/manager.go:130.26,133.17 3 1
github.com/feichai0017/NoKV/wal/manager.go:133.17,135.4 1 1
github.com/feichai0017/NoKV/wal/manager.go:137.2,138.19 2 1
github.com/feichai0017/NoKV/wal/manager.go:138.19,140.3 1 1
github.com/feichai0017/NoKV/wal/manager.go:141.2,142.51 2 1
github.com/feichai0017/NoKV/wal/manager.go:145.47,148.55 3 1
github.com/feichai0017/NoKV/wal/manager.go:148.55,154.3 5 1
github.com/feichai0017/NoKV/wal/manager.go:155.2,155.16 1 1
github.com/feichai0017/NoKV/wal/manager.go:155.16,157.29 2 1
github.com/feichai0017/NoKV/wal/manager.go:157.29,159.4 1 0
github.com/feichai0017/NoKV/wal/manager.go:160.3,162.13 3 1
github.com/feichai0017/NoKV/wal/manager.go:164.2,168.12 5 1
github.com/feichai0017/NoKV/wal/manager.go:171.49,173.2 1 1
github.com/feichai0017/NoKV/wal/manager.go:175.71,176.21 1 1
github.com/feichai0017/NoKV/wal/manager.go:176.21,177.42 1 1
github.com/feichai0017/NoKV/wal/manager.go:177.42,179.4 1 0
github.com/feichai0017/NoKV/wal/manager.go:181.2,181.21 1 1
github.com/feichai0017/NoKV/wal/manager.go:181.21,182.41 1 1
github.com/feichai0017/NoKV/wal/manager.go:182.41,184.4 1 0
github.com/feichai0017/NoKV/wal/manager.go:185.3,185.42 1 1
github.com/feichai0017/NoKV/wal/manager.go:185.42,187.4 1 0
github.com/feichai0017/NoKV/wal/manager.go:190.2,192.14 3 1
github.com/feichai0017/NoKV/wal/manager.go:192.14,194.3 1 1
github.com/feichai0017/NoKV/wal/manager.go:195.2,196.16 2 1
github.com/feichai0017/NoKV/wal/manager.go:196.16,198.3 1 0
github.com/feichai0017/NoKV/wal/manager.go:200.2,201.15 2 1
github.com/feichai0017/NoKV/wal/manager.go:201.15,203.17 2 1
github.com/feichai0017/NoKV/wal/manager.go:203.17,206.4 2 0
github.com/feichai0017/NoKV/wal/manager.go:207.3,208.50 2 1
github.com/feichai0017/NoKV/wal/manager.go:208.50,211.4 2 0
github.com/feichai0017/NoKV/wal/manager.go:213.2,215.14 3 1
github.com/feichai0017/NoKV/wal/manager.go:215.14,217.3 1 1
github.com/feichai0017/NoKV/wal/manager.go:217.8,219.3 1 1
github.com/feichai0017/NoKV/wal/manager.go:220.2,221.12 2 1
github.com/feichai0017/NoKV/wal/manager.go:224.65,227.14 3 0
github.com/feichai0017/NoKV/wal/manager.go:227.14,229.3 1 0
github.com/feichai0017/NoKV/wal/manager.go:230.2,230.44 1 0
github.com/feichai0017/NoKV/wal/manager.go:234.67,235.24 1 1
github.com/feichai0017/NoKV/wal/manager.go:235.24,237.3 1 0
github.com/feichai0017/NoKV/wal/manager.go:238.2,239.29 2 1
github.com/feichai0017/NoKV/wal/manager.go:239.29,244.3 1 1
github.com/feichai0017/NoKV/wal/manager.go:245.2,245.36 1 1
github.com/feichai0017/NoKV/wal/manager.go:249.73,252.14 3 1
github.com/feichai0017/NoKV/wal/manager.go:252.14,254.3 1 0
github.com/feichai0017/NoKV/wal/manager.go:255.2,256.30 2 1
github.com/feichai0017/NoKV/wal/manager.go:256.30,259.66 3 1
github.com/feichai0017/NoKV/wal/manager.go:259.66,261.4 1 0
github.com/feichai0017/NoKV/wal/manager.go:262.3,265.17 3 1
github.com/feichai0017/NoKV/wal/manager.go:265.17,267.4 1 0
github.com/feichai0017/NoKV/wal/manager.go:269.3,279.45 6 1
github.com/feichai0017/NoKV/wal/manager.go:281.2,281.23 1 1
github.com/feichai0017/NoKV/wal/manager.go:281.23,282.42 1 0
github.com/feichai0017/NoKV/wal/manager.go:282.42,284.4 1 0
github.com/feichai0017/NoKV/wal/manager.go:285.3,285.41 1 0
github.com/feichai0017/NoKV/wal/manager.go:285.41,287.4 1 0
github.com/feichai0017/NoKV/wal/manager.go:289.2,289.21 1 1
github.com/feichai0017/NoKV/wal/manager.go:292.52,293.40 1 1
github.com/feichai0017/NoKV/wal/manager.go:293.40,295.3 1 1
github.com/feichai0017/NoKV/wal/manager.go:296.2,296.25 1 0
github.com/feichai0017/NoKV/wal/manager.go:300.34,303.14 3 1
github.com/feichai0017/NoKV/wal/manager.go:303.14,305.3 1 0
github.com/feichai0017/NoKV/wal/manager.go:306.2,306.25 1 1
github.com/feichai0017/NoKV/wal/manager.go:309.40,312.2 2 1
github.com/feichai0017/NoKV/wal/manager.go:315.32,318.14 3 1
github.com/feichai0017/NoKV/wal/manager.go:318.14,320.3 1 0
github.com/feichai0017/NoKV/wal/manager.go:321.2,321.21 1 1
github.com/feichai0017/NoKV/wal/manager.go:321.21,322.42 1 1
github.com/feichai0017/NoKV/wal/manager.go:322.42,324.4 1 0
github.com/feichai0017/NoKV/wal/manager.go:326.2,326.24 1 1
github.com/feichai0017/NoKV/wal/manager.go:330.42,334.2 3 1
github.com/feichai0017/NoKV/wal/manager.go:337.52,341.16 4 1
github.com/feichai0017/NoKV/wal/manager.go:341.16,343.3 1 0
github.com/feichai0017/NoKV/wal/manager.go:344.2,345.19 2 1
github.com/feichai0017/NoKV/wal/manager.go:349.79,353.16 4 1
github.com/feichai0017/NoKV/wal/manager.go:353.16,355.3 1 0
github.com/feichai0017/NoKV/wal/manager.go:356.2,357.29 2 1
github.com/feichai0017/NoKV/wal/manager.go:357.29,359.77 2 1
github.com/feichai0017/NoKV/wal/manager.go:359.77,360.12 1 0
github.com/feichai0017/NoKV/wal/manager.go:362.3,362.60 1 1
github.com/feichai0017/NoKV/wal/manager.go:362.60,364.4 1 1
github.com/feichai0017/NoKV/wal/manager.go:366.2,366.12 1 1
github.com/feichai0017/NoKV/wal/manager.go:369.107,371.16 2 1
github.com/feichai0017/NoKV/wal/manager.go:371.16,373.3 1 0
github.com/feichai0017/NoKV/wal/manager.go:374.2,380.20 5 1
github.com/feichai0017/NoKV/wal/manager.go:380.20,390.43 5 1
github.com/feichai0017/NoKV/wal/manager.go:390.43,392.4 1 0
github.com/feichai0017/NoKV/wal/manager.go:393.3,393.30 1 1
github.com/feichai0017/NoKV/wal/manager.go:396.2,396.34 1 1
github.com/feichai0017/NoKV/wal/manager.go:397.19,398.13 1 1
github.com/feichai0017/NoKV/wal/manager.go:399.30,400.13 1 1
github.com/feichai0017/NoKV/wal/manager.go:401.25,402.79 1 1
github.com/feichai0017/NoKV/wal/manager.go:403.10,404.13 1 0
github.com/feichai0017/NoKV/wal/manager.go:409.33,412.14 3 1
github.com/feichai0017/NoKV/wal/manager.go:412.14,414.3 1 1
github.com/feichai0017/NoKV/wal/manager.go:415.2,416.21 2 1
github.com/feichai0017/NoKV/wal/manager.go:416.21,418.3 1 0
github.com/feichai0017/NoKV/wal/manager.go:419.2,419.21 1 1
github.com/feichai0017/NoKV/wal/manager.go:419.21,420.42 1 1
github.com/feichai0017/NoKV/wal/manager.go:420.42,423.4 2 0
github.com/feichai0017/NoKV/wal/manager.go:425.2,425.40 1 1
github.com/feichai0017/NoKV/wal/manager.go:425.40,428.3 2 0
github.com/feichai0017/NoKV/wal/manager.go:429.2,429.25 1 1
github.com/feichai0017/NoKV/wal/manager.go:434.65,436.2 1 0
github.com/feichai0017/NoKV/wal/manager.go:439.97,441.41 2 0
github.com/feichai0017/NoKV/wal/manager.go:441.41,443.3 1 0
github.com/feichai0017/NoKV/wal/manager.go:444.2,444.35 1 0
github.com/feichai0017/NoKV/wal/manager.go:450.34,451.15 1 1
github.com/feichai0017/NoKV/wal/manager.go:451.15,453.3 1 0
github.com/feichai0017/NoKV/wal/manager.go:454.2,455.16 2 1
github.com/feichai0017/NoKV/wal/manager.go:455.16,457.3 1 0
github.com/feichai0017/NoKV/wal/manager.go:458.2,459.29 2 1
github.com/feichai0017/NoKV/wal/manager.go:459.29,460.45 1 1
github.com/feichai0017/NoKV/wal/manager.go:460.45,462.4 1 0
github.com/feichai0017/NoKV/wal/manager.go:464.2,464.12 1 1
github.com/feichai0017/NoKV/wal/manager.go:467.39,469.16 2 1
github.com/feichai0017/NoKV/wal/manager.go:469.16,470.37 1 0
github.com/feichai0017/NoKV/wal/manager.go:470.37,472.4 1 0
github.com/feichai0017/NoKV/wal/manager.go:473.3,473.13 1 0
github.com/feichai0017/NoKV/wal/manager.go:475.2,481.20 5 1
github.com/feichai0017/NoKV/wal/manager.go:481.20,483.3 1 1
github.com/feichai0017/NoKV/wal/manager.go:485.2,485.34 1 1
github.com/feichai0017/NoKV/wal/manager.go:486.19,487.13 1 0
github.com/feichai0017/NoKV/wal/manager.go:488.30,489.28 1 1
github.com/feichai0017/NoKV/wal/manager.go:490.25,491.101 1 0
github.com/feichai0017/NoKV/wal/manager.go:492.10,493.13 1 0
github.com/feichai0017/NoKV/wal/manager.go:498.50,500.40 2 1
github.com/feichai0017/NoKV/wal/manager.go:500.40,502.3 1 0
github.com/feichai0017/NoKV/wal/manager.go:503.2,505.44 3 1
github.com/feichai0017/NoKV/wal/manager.go:505.44,512.3 6 1
github.com/feichai0017/NoKV/wal/manager.go:513.2,514.12 2 1
github.com/feichai0017/NoKV/wal/manager.go:518.38,519.14 1 1
github.com/feichai0017/NoKV/wal/manager.go:519.14,521.3 1 0
github.com/feichai0017/NoKV/wal/manager.go:522.2,524.21 3 1
github.com/feichai0017/NoKV/wal/manager.go:528.38,529.14 1 1
github.com/feichai0017/NoKV/wal/manager.go:529.14,531.3 1 0
github.com/feichai0017/NoKV/wal/manager.go:532.2,534.16 3 1
github.com/feichai0017/NoKV/wal/manager.go:534.16,536.3 1 1
github.com/feichai0017/NoKV/wal/manager.go:537.2,539.42 3 1
github.com/feichai0017/NoKV/wal/manager.go:539.42,540.32 1 1
github.com/feichai0017/NoKV/wal/manager.go:540.32,542.4 1 1
github.com/feichai0017/NoKV/wal/manager.go:544.2,553.3 3 1
github.com/feichai0017/NoKV/wal/manager.go:557.49,561.2 3 0
github.com/feichai0017/NoKV/wal/manager.go:564.65,568.2 3 1
github.com/feichai0017/NoKV/wal/manager.go:571.61,577.2 5 1
github.com/feichai0017/NoKV/wal/record.go:44.68,46.53 2 1
github.com/feichai0017/NoKV/wal/record.go:46.53,47.68 1 1
github.com/feichai0017/NoKV/wal/record.go:47.68,49.4 1 1
github.com/feichai0017/NoKV/wal/record.go:50.3,50.24 1 0
github.com/feichai0017/NoKV/wal/record.go:53.2,54.17 2 1
github.com/feichai0017/NoKV/wal/record.go:54.17,56.3 1 0
github.com/feichai0017/NoKV/wal/record.go:59.2,60.47 2 1
github.com/feichai0017/NoKV/wal/record.go:60.47,61.68 1 1
github.com/feichai0017/NoKV/wal/record.go:61.68,63.4 1 1
github.com/feichai0017/NoKV/wal/record.go:64.3,64.24 1 0
github.com/feichai0017/NoKV/wal/record.go:67.2,68.53 2 1
github.com/feichai0017/NoKV/wal/record.go:68.53,69.68 1 1
github.com/feichai0017/NoKV/wal/record.go:69.68,71.4 1 1
github.com/feichai0017/NoKV/wal/record.go:72.3,72.24 1 0
github.com/feichai0017/NoKV/wal/record.go:75.2,78.45 3 1
github.com/feichai0017/NoKV/wal/record.go:78.45,81.3 2 0
github.com/feichai0017/NoKV/wal/record.go:82.2,84.21 3 1
github.com/feichai0017/NoKV/wal/record.go:84.21,86.3 1 1
github.com/feichai0017/NoKV/wal/record.go:88.2,91.38 3 1
github.com/feichai0017/NoKV/wal/record.go:94.81,100.43 5 1
github.com/feichai0017/NoKV/wal/record.go:100.43,102.3 1 0
github.com/feichai0017/NoKV/wal/record.go:104.2,105.53 2 1
github.com/feichai0017/NoKV/wal/record.go:105.53,107.3 1 0
github.com/feichai0017/NoKV/wal/record.go:109.2,109.44 1 1
github.com/feichai0017/NoKV/wal/record.go:109.44,111.3 1 0
github.com/feichai0017/NoKV/wal/record.go:113.2,115.52 3 1
github.com/feichai0017/NoKV/wal/record.go:115.52,118.3 2 0
github.com/feichai0017/NoKV/wal/record.go:119.2,119.49 1 1
github.com/feichai0017/NoKV/wal/record.go:119.49,122.3 2 0
github.com/feichai0017/NoKV/wal/record.go:123.2,126.46 4 1
github.com/feichai0017/NoKV/wal/record.go:126.46,128.3 1 0
github.com/feichai0017/NoKV/wal/record.go:130.2,130.29 1 1
github.com/feichai0017/NoKV/wal/record_iterator.go:19.66,20.14 1 1
github.com/feichai0017/NoKV/wal/record_iterator.go:20.14,22.3 1 0
github.com/feichai0017/NoKV/wal/record_iterator.go:23.2,24.9 2 1
github.com/feichai0017/NoKV/wal/record_iterator.go:24.9,25.19 1 1
github.com/feichai0017/NoKV/wal/record_iterator.go:25.19,27.4 1 0
github.com/feichai0017/NoKV/wal/record_iterator.go:28.3,28.39 1 1
github.com/feichai0017/NoKV/wal/record_iterator.go:30.2,30.36 1 1
github.com/feichai0017/NoKV/wal/record_iterator.go:34.39,35.32 1 1
github.com/feichai0017/NoKV/wal/record_iterator.go:35.32,37.3 1 0
github.com/feichai0017/NoKV/wal/record_iterator.go:39.2,40.16 2 1
github.com/feichai0017/NoKV/wal/record_iterator.go:40.16,43.3 2 1
github.com/feichai0017/NoKV/wal/record_iterator.go:45.2,49.13 4 1
github.com/feichai0017/NoKV/wal/record_iterator.go:53.43,54.15 1 1
github.com/feichai0017/NoKV/wal/record_iterator.go:54.15,56.3 1 0
github.com/feichai0017/NoKV/wal/record_iterator.go:57.2,57.20 1 1
github.com/feichai0017/NoKV/wal/record_iterator.go:57.20,59.3 1 0
github.com/feichai0017/NoKV/wal/record_iterator.go:61.2,61.42 1 1
github.com/feichai0017/NoKV/wal/record_iterator.go:65.45,66.15 1 1
github.com/feichai0017/NoKV/wal/record_iterator.go:66.15,68.3 1 0
github.com/feichai0017/NoKV/wal/record_iterator.go:69.2,69.19 1 1
github.com/feichai0017/NoKV/wal/record_iterator.go:73.43,74.15 1 1
github.com/feichai0017/NoKV/wal/record_iterator.go:74.15,76.3 1 0
github.com/feichai0017/NoKV/wal/record_iterator.go:77.2,77.18 1 1
github.com/feichai0017/NoKV/wal/record_iterator.go:81.39,82.15 1 1
github.com/feichai0017/NoKV/wal/record_iterator.go:82.15,84.3 1 0
github.com/feichai0017/NoKV/wal/record_iterator.go:85.2,85.15 1 1
github.com/feichai0017/NoKV/wal/record_iterator.go:89.41,90.15 1 1
github.com/feichai0017/NoKV/wal/record_iterator.go:90.15,92.3 1 0
github.com/feichai0017/NoKV/wal/record_iterator.go:93.2,94.12 2 1
github.com/feichai0017/NoKV/wal/watchdog.go:61.48,62.24 1 1
github.com/feichai0017/NoKV/wal/watchdog.go:62.24,64.3 1 0
github.com/feichai0017/NoKV/wal/watchdog.go:65.2,66.19 2 1
github.com/feichai0017/NoKV/wal/watchdog.go:66.19,68.3 1 0
github.com/feichai0017/NoKV/wal/watchdog.go:69.2,70.23 2 1
github.com/feichai0017/NoKV/wal/watchdog.go:70.23,72.3 1 0
github.com/feichai0017/NoKV/wal/watchdog.go:73.2,74.19 2 1
github.com/feichai0017/NoKV/wal/watchdog.go:74.19,76.3 1 1
github.com/feichai0017/NoKV/wal/watchdog.go:77.2,89.10 3 1
github.com/feichai0017/NoKV/wal/watchdog.go:93.28,94.14 1 0
github.com/feichai0017/NoKV/wal/watchdog.go:94.14,96.3 1 0
github.com/feichai0017/NoKV/wal/watchdog.go:97.2,98.12 2 0
github.com/feichai0017/NoKV/wal/watchdog.go:102.27,103.14 1 0
github.com/feichai0017/NoKV/wal/watchdog.go:103.14,105.3 1 0
github.com/feichai0017/NoKV/wal/watchdog.go:106.2,106.18 1 0
github.com/feichai0017/NoKV/wal/watchdog.go:110.30,111.14 1 1
github.com/feichai0017/NoKV/wal/watchdog.go:111.14,113.3 1 0
github.com/feichai0017/NoKV/wal/watchdog.go:114.2,114.13 1 1
github.com/feichai0017/NoKV/wal/watchdog.go:118.48,119.14 1 1
github.com/feichai0017/NoKV/wal/watchdog.go:119.14,121.3 1 0
github.com/feichai0017/NoKV/wal/watchdog.go:122.2,132.52 3 1
github.com/feichai0017/NoKV/wal/watchdog.go:132.52,134.3 1 1
github.com/feichai0017/NoKV/wal/watchdog.go:135.2,135.13 1 1
github.com/feichai0017/NoKV/wal/watchdog.go:138.26,146.6 5 0
github.com/feichai0017/NoKV/wal/watchdog.go:146.6,147.10 1 0
github.com/feichai0017/NoKV/wal/watchdog.go:148.19,149.15 1 0
github.com/feichai0017/NoKV/wal/watchdog.go:150.31,151.10 1 0
github.com/feichai0017/NoKV/wal/watchdog.go:156.30,157.34 1 1
github.com/feichai0017/NoKV/wal/watchdog.go:157.34,159.3 1 0
github.com/feichai0017/NoKV/wal/watchdog.go:160.2,165.27 5 1
github.com/feichai0017/NoKV/wal/watchdog.go:165.27,167.3 1 1
github.com/feichai0017/NoKV/wal/watchdog.go:168.2,175.13 6 1
github.com/feichai0017/NoKV/wal/watchdog.go:175.13,177.3 1 1
github.com/feichai0017/NoKV/wal/watchdog.go:177.8,179.3 1 1
github.com/feichai0017/NoKV/wal/watchdog.go:181.2,181.20 1 1
github.com/feichai0017/NoKV/wal/watchdog.go:181.20,183.3 1 1
github.com/feichai0017/NoKV/wal/watchdog.go:184.2,184.54 1 1
github.com/feichai0017/NoKV/wal/watchdog.go:184.54,186.3 1 0
github.com/feichai0017/NoKV/wal/watchdog.go:188.2,189.29 2 1
github.com/feichai0017/NoKV/wal/watchdog.go:189.29,191.3 1 1
github.com/feichai0017/NoKV/wal/watchdog.go:193.2,194.27 2 1
github.com/feichai0017/NoKV/wal/watchdog.go:194.27,195.53 1 1
github.com/feichai0017/NoKV/wal/watchdog.go:195.53,196.26 1 0
github.com/feichai0017/NoKV/wal/watchdog.go:196.26,197.13 1 0
github.com/feichai0017/NoKV/wal/watchdog.go:199.4,200.12 2 0
github.com/feichai0017/NoKV/wal/watchdog.go:202.3,202.12 1 1
github.com/feichai0017/NoKV/wal/watchdog.go:204.2,204.18 1 1
github.com/feichai0017/NoKV/wal/watchdog.go:204.18,206.3 1 0
github.com/feichai0017/NoKV/wal/watchdog.go:207.2,209.41 3 1
